Best trial: 49. Best value: 0.847955:  69%|██████▉   | 69/100 [04:54<02:58,  5.74s/it]Best trial: 49. Best value: 0.847955:  69%|██████▉   | 69/100 [04:54<02:58,  5.74s/it]Best trial: 49. Best value: 0.847955:  70%|███████   | 70/100 [04:54<02:39,  5.31s/it]                                                                                      Best trial: 49. Best value: 0.847955:  70%|███████   | 70/100 [05:00<02:39,  5.31s/it]Best trial: 49. Best value: 0.847955:  70%|███████   | 70/100 [05:00<02:39,  5.31s/it]Best trial: 49. Best value: 0.847955:  71%|███████   | 71/100 [05:00<02:33,  5.30s/it]                                                                                      Best trial: 49. Best value: 0.847955:  71%|███████   | 71/100 [05:06<02:33,  5.30s/it]Best trial: 49. Best value: 0.847955:  71%|███████   | 71/100 [05:06<02:33,  5.30s/it]Best trial: 49. Best value: 0.847955:  72%|███████▏  | 72/100 [05:06<02:34,  5.52s/it]                                                                                      Best trial: 49. Best value: 0.847955:  72%|███████▏  | 72/100 [05:12<02:34,  5.52s/it]Best trial: 49. Best value: 0.847955:  72%|███████▏  | 72/100 [05:12<02:34,  5.52s/it]Best trial: 49. Best value: 0.847955:  73%|███████▎  | 73/100 [05:12<02:34,  5.74s/it]                                                                                      Best trial: 49. Best value: 0.847955:  73%|███████▎  | 73/100 [05:18<02:34,  5.74s/it]Best trial: 49. Best value: 0.847955:  73%|███████▎  | 73/100 [05:18<02:34,  5.74s/it]Best trial: 49. Best value: 0.847955:  74%|███████▍  | 74/100 [05:18<02:33,  5.89s/it]                                                                                      Best trial: 49. Best value: 0.847955:  74%|███████▍  | 74/100 [05:26<02:33,  5.89s/it]Best trial: 49. Best value: 0.847955:  74%|███████▍  | 74/100 [05:26<02:33,  5.89s/it]Best trial: 49. Best value: 0.847955:  75%|███████▌  | 75/100 [05:26<02:45,  6.60s/it]                                                                                      Best trial: 49. Best value: 0.847955:  75%|███████▌  | 75/100 [05:32<02:45,  6.60s/it]Best trial: 49. Best value: 0.847955:  75%|███████▌  | 75/100 [05:32<02:45,  6.60s/it]Best trial: 49. Best value: 0.847955:  76%|███████▌  | 76/100 [05:32<02:33,  6.40s/it]                                                                                      Best trial: 49. Best value: 0.847955:  76%|███████▌  | 76/100 [05:38<02:33,  6.40s/it]Best trial: 49. Best value: 0.847955:  76%|███████▌  | 76/100 [05:38<02:33,  6.40s/it]Best trial: 49. Best value: 0.847955:  77%|███████▋  | 77/100 [05:38<02:23,  6.24s/it]                                                                                      Best trial: 49. Best value: 0.847955:  77%|███████▋  | 77/100 [05:43<02:23,  6.24s/it]Best trial: 49. Best value: 0.847955:  77%|███████▋  | 77/100 [05:43<02:23,  6.24s/it]Best trial: 49. Best value: 0.847955:  78%|███████▊  | 78/100 [05:43<02:09,  5.88s/it]                                                                                      Best trial: 49. Best value: 0.847955:  78%|███████▊  | 78/100 [05:48<02:09,  5.88s/it]Best trial: 49. Best value: 0.847955:  78%|███████▊  | 78/100 [05:48<02:09,  5.88s/it]Best trial: 49. Best value: 0.847955:  79%|███████▉  | 79/100 [05:48<01:58,  5.64s/it]                                                                                      Best trial: 49. Best value: 0.847955:  79%|███████▉  | 79/100 [05:56<01:58,  5.64s/it]Best trial: 49. Best value: 0.847955:  79%|███████▉  | 79/100 [05:56<01:58,  5.64s/it]Best trial: 49. Best value: 0.847955:  80%|████████  | 80/100 [05:56<02:01,  6.10s/it]                                                                                      Best trial: 49. Best value: 0.847955:  80%|████████  | 80/100 [05:59<02:01,  6.10s/it]Best trial: 49. Best value: 0.847955:  80%|████████  | 80/100 [05:59<02:01,  6.10s/it]Best trial: 49. Best value: 0.847955:  81%|████████  | 81/100 [05:59<01:41,  5.36s/it]                                                                                      Best trial: 49. Best value: 0.847955:  81%|████████  | 81/100 [06:04<01:41,  5.36s/it]Best trial: 49. Best value: 0.847955:  81%|████████  | 81/100 [06:04<01:41,  5.36s/it]Best trial: 49. Best value: 0.847955:  82%|████████▏ | 82/100 [06:04<01:34,  5.26s/it]                                                                                      Best trial: 49. Best value: 0.847955:  82%|████████▏ | 82/100 [06:10<01:34,  5.26s/it]Best trial: 49. Best value: 0.847955:  82%|████████▏ | 82/100 [06:10<01:34,  5.26s/it]Best trial: 49. Best value: 0.847955:  83%|████████▎ | 83/100 [06:10<01:33,  5.49s/it]                                                                                      Best trial: 49. Best value: 0.847955:  83%|████████▎ | 83/100 [06:15<01:33,  5.49s/it]Best trial: 49. Best value: 0.847955:  83%|████████▎ | 83/100 [06:15<01:33,  5.49s/it]Best trial: 49. Best value: 0.847955:  84%|████████▍ | 84/100 [06:15<01:23,  5.20s/it]                                                                                      Best trial: 49. Best value: 0.847955:  84%|████████▍ | 84/100 [06:18<01:23,  5.20s/it]Best trial: 49. Best value: 0.847955:  84%|████████▍ | 84/100 [06:18<01:23,  5.20s/it]Best trial: 49. Best value: 0.847955:  85%|████████▌ | 85/100 [06:18<01:10,  4.67s/it]                                                                                      Best trial: 49. Best value: 0.847955:  85%|████████▌ | 85/100 [06:26<01:10,  4.67s/it]Best trial: 49. Best value: 0.847955:  85%|████████▌ | 85/100 [06:26<01:10,  4.67s/it]Best trial: 49. Best value: 0.847955:  86%|████████▌ | 86/100 [06:26<01:17,  5.52s/it]                                                                                      [I 2024-10-15 10:05:21,539] Trial 69 finished with value: 0.8678354459511853 and parameters: {'lambda': 0.004817402921766497, 'alpha': 0.0016237621255096202, 'subsample': 0.8031538273224214, 'colsample_bytree': 0.5927455299083092, 'max_depth': 4, 'learning_rate': 0.08334384110514567, 'n_estimators': 80}. Best is trial 49 with value: 0.8479551493490314.
  Unique groups in CV: 375
  Unique groups in CV: 375
  Unique groups in CV: 375
  Unique groups in CV: 375
[I 2024-10-15 10:05:26,813] Trial 70 finished with value: 0.8670719892780372 and parameters: {'lambda': 0.0033832874920020775, 'alpha': 0.001764046518323515, 'subsample': 0.753645166148263, 'colsample_bytree': 0.6435355578881834, 'max_depth': 4, 'learning_rate': 0.10364483650526396, 'n_estimators': 100}. Best is trial 49 with value: 0.8479551493490314.
  Unique groups in CV: 375
  Unique groups in CV: 375
  Unique groups in CV: 375
  Unique groups in CV: 375
[I 2024-10-15 10:05:32,841] Trial 71 finished with value: 0.8486010439543336 and parameters: {'lambda': 0.00807557116407352, 'alpha': 0.00538563806766562, 'subsample': 0.8538196636157935, 'colsample_bytree': 0.7235264217265488, 'max_depth': 4, 'learning_rate': 0.0743421278261317, 'n_estimators': 85}. Best is trial 49 with value: 0.8479551493490314.
  Unique groups in CV: 375
  Unique groups in CV: 375
  Unique groups in CV: 375
  Unique groups in CV: 375
[I 2024-10-15 10:05:39,095] Trial 72 finished with value: 0.8482937296351022 and parameters: {'lambda': 0.018677306012263743, 'alpha': 0.0013449858846060012, 'subsample': 0.899912245048108, 'colsample_bytree': 0.670843768874095, 'max_depth': 4, 'learning_rate': 0.11858747535534568, 'n_estimators': 91}. Best is trial 49 with value: 0.8479551493490314.
  Unique groups in CV: 375
  Unique groups in CV: 375
  Unique groups in CV: 375
  Unique groups in CV: 375
[I 2024-10-15 10:05:45,326] Trial 73 finished with value: 0.8483174731363368 and parameters: {'lambda': 0.011480719698733266, 'alpha': 0.001323131224023996, 'subsample': 0.9049438509542067, 'colsample_bytree': 0.6702020817536201, 'max_depth': 4, 'learning_rate': 0.08713674688020728, 'n_estimators': 90}. Best is trial 49 with value: 0.8479551493490314.
  Unique groups in CV: 375
  Unique groups in CV: 375
  Unique groups in CV: 375
  Unique groups in CV: 375
[I 2024-10-15 10:05:53,605] Trial 74 finished with value: 0.84832259173689 and parameters: {'lambda': 0.006100398398365457, 'alpha': 0.002070072449616485, 'subsample': 0.9483467468773514, 'colsample_bytree': 0.7738612338508635, 'max_depth': 5, 'learning_rate': 0.1028934574233082, 'n_estimators': 92}. Best is trial 49 with value: 0.8479551493490314.
  Unique groups in CV: 375
  Unique groups in CV: 375
  Unique groups in CV: 375
  Unique groups in CV: 375
[I 2024-10-15 10:05:59,532] Trial 75 finished with value: 0.8495916807093601 and parameters: {'lambda': 0.021272323970186503, 'alpha': 0.003441422362887761, 'subsample': 0.8351678478240097, 'colsample_bytree': 0.6778386269832305, 'max_depth': 4, 'learning_rate': 0.05854535980382154, 'n_estimators': 82}. Best is trial 49 with value: 0.8479551493490314.
  Unique groups in CV: 375
  Unique groups in CV: 375
  Unique groups in CV: 375
  Unique groups in CV: 375
[I 2024-10-15 10:06:05,390] Trial 76 finished with value: 0.867825205166777 and parameters: {'lambda': 0.0036380910169623096, 'alpha': 0.002223221176922925, 'subsample': 0.7657348599829483, 'colsample_bytree': 0.6559890612156173, 'max_depth': 5, 'learning_rate': 0.1186138567558582, 'n_estimators': 98}. Best is trial 49 with value: 0.8479551493490314.
  Unique groups in CV: 375
  Unique groups in CV: 375
  Unique groups in CV: 375
  Unique groups in CV: 375
[I 2024-10-15 10:06:10,450] Trial 77 finished with value: 0.8491635209613935 and parameters: {'lambda': 0.04049087716079911, 'alpha': 0.008539705748219729, 'subsample': 0.7943960252407107, 'colsample_bytree': 0.7151319597474379, 'max_depth': 3, 'learning_rate': 0.09138504477791606, 'n_estimators': 92}. Best is trial 49 with value: 0.8479551493490314.
  Unique groups in CV: 375
  Unique groups in CV: 375
  Unique groups in CV: 375
  Unique groups in CV: 375
[I 2024-10-15 10:06:15,515] Trial 78 finished with value: 0.8494675816910241 and parameters: {'lambda': 0.010085131776673152, 'alpha': 0.0013701762779160529, 'subsample': 0.7353697522665568, 'colsample_bytree': 0.7918144553113566, 'max_depth': 4, 'learning_rate': 0.07303684170725863, 'n_estimators': 70}. Best is trial 49 with value: 0.8479551493490314.
  Unique groups in CV: 375
  Unique groups in CV: 375
  Unique groups in CV: 375
  Unique groups in CV: 375
[I 2024-10-15 10:06:22,683] Trial 79 finished with value: 0.848835744598742 and parameters: {'lambda': 0.0017667509311015052, 'alpha': 0.0010686839264975965, 'subsample': 0.8143422276215507, 'colsample_bytree': 0.761757476828993, 'max_depth': 5, 'learning_rate': 0.10564450094043328, 'n_estimators': 87}. Best is trial 49 with value: 0.8479551493490314.
  Unique groups in CV: 375
  Unique groups in CV: 375
  Unique groups in CV: 375
  Unique groups in CV: 375
[I 2024-10-15 10:06:26,338] Trial 80 finished with value: 0.8679426050204591 and parameters: {'lambda': 0.0058431296878481784, 'alpha': 0.001408415528617641, 'subsample': 0.710700017077537, 'colsample_bytree': 0.6381047812912094, 'max_depth': 3, 'learning_rate': 0.11288151738868023, 'n_estimators': 78}. Best is trial 49 with value: 0.8479551493490314.
  Unique groups in CV: 375
  Unique groups in CV: 375
  Unique groups in CV: 375
  Unique groups in CV: 375
[I 2024-10-15 10:06:31,362] Trial 81 finished with value: 0.8774748674337098 and parameters: {'lambda': 0.011244801816902808, 'alpha': 0.0013475115176902054, 'subsample': 0.8962216282901433, 'colsample_bytree': 0.6113988969461543, 'max_depth': 4, 'learning_rate': 0.038498793520716876, 'n_estimators': 90}. Best is trial 49 with value: 0.8479551493490314.
  Unique groups in CV: 375
  Unique groups in CV: 375
  Unique groups in CV: 375
  Unique groups in CV: 375
[I 2024-10-15 10:06:37,380] Trial 82 finished with value: 0.8482493685145425 and parameters: {'lambda': 0.0070567341589135935, 'alpha': 0.001951075444202629, 'subsample': 0.8965119919538669, 'colsample_bytree': 0.6717505130624589, 'max_depth': 4, 'learning_rate': 0.09897249624159887, 'n_estimators': 81}. Best is trial 49 with value: 0.8479551493490314.
  Unique groups in CV: 375
  Unique groups in CV: 375
  Unique groups in CV: 375
  Unique groups in CV: 375
[I 2024-10-15 10:06:41,903] Trial 83 finished with value: 0.8673618035663779 and parameters: {'lambda': 0.007475264795037445, 'alpha': 0.001984016641672932, 'subsample': 0.8909516745072232, 'colsample_bytree': 0.5711405116503055, 'max_depth': 4, 'learning_rate': 0.09418863247342246, 'n_estimators': 81}. Best is trial 49 with value: 0.8479551493490314.
  Unique groups in CV: 375
  Unique groups in CV: 375
  Unique groups in CV: 375
  Unique groups in CV: 375
[I 2024-10-15 10:06:45,351] Trial 84 finished with value: 0.8697203002202599 and parameters: {'lambda': 0.0040806397959231916, 'alpha': 0.002333495186623617, 'subsample': 0.8479271432978415, 'colsample_bytree': 0.65637275800751, 'max_depth': 3, 'learning_rate': 0.08699167522875136, 'n_estimators': 73}. Best is trial 49 with value: 0.8479551493490314.
  Unique groups in CV: 375
  Unique groups in CV: 375
  Unique groups in CV: 375
  Unique groups in CV: 375
[I 2024-10-15 10:06:52,831] Trial 85 finished with value: 0.8484741216383824 and parameters: {'lambda': 0.002842901864717937, 'alpha': 0.0037037453560910755, 'subsample': 0.9216761220071605, 'colsample_bytree': 0.6875230960472277, 'max_depth': 5, 'learning_rate': 0.10109770326879246, 'n_estimators': 85}. Best is trial 49 with value: 0.8479551493490314.
  Unique groups in CV: 375
  Unique groups in CV: 375
  Unique groups in CV: 375
  Unique groups in CV: 375
Best trial: 49. Best value: 0.847955:  86%|████████▌ | 86/100 [06:31<01:17,  5.52s/it]Best trial: 49. Best value: 0.847955:  86%|████████▌ | 86/100 [06:31<01:17,  5.52s/it]Best trial: 49. Best value: 0.847955:  87%|████████▋ | 87/100 [06:31<01:10,  5.42s/it]                                                                                      Best trial: 49. Best value: 0.847955:  87%|████████▋ | 87/100 [06:38<01:10,  5.42s/it]Best trial: 49. Best value: 0.847955:  87%|████████▋ | 87/100 [06:38<01:10,  5.42s/it]Best trial: 49. Best value: 0.847955:  88%|████████▊ | 88/100 [06:38<01:10,  5.84s/it]                                                                                      Best trial: 49. Best value: 0.847955:  88%|████████▊ | 88/100 [06:45<01:10,  5.84s/it]Best trial: 49. Best value: 0.847955:  88%|████████▊ | 88/100 [06:45<01:10,  5.84s/it]Best trial: 49. Best value: 0.847955:  89%|████████▉ | 89/100 [06:45<01:08,  6.21s/it]                                                                                      Best trial: 49. Best value: 0.847955:  89%|████████▉ | 89/100 [06:51<01:08,  6.21s/it]Best trial: 49. Best value: 0.847955:  89%|████████▉ | 89/100 [06:51<01:08,  6.21s/it]Best trial: 49. Best value: 0.847955:  90%|█████████ | 90/100 [06:51<01:03,  6.33s/it]                                                                                      Best trial: 49. Best value: 0.847955:  90%|█████████ | 90/100 [06:57<01:03,  6.33s/it]Best trial: 49. Best value: 0.847955:  90%|█████████ | 90/100 [06:57<01:03,  6.33s/it]Best trial: 49. Best value: 0.847955:  91%|█████████ | 91/100 [06:57<00:54,  6.04s/it]                                                                                      Best trial: 49. Best value: 0.847955:  91%|█████████ | 91/100 [07:03<00:54,  6.04s/it]Best trial: 49. Best value: 0.847955:  91%|█████████ | 91/100 [07:03<00:54,  6.04s/it]Best trial: 49. Best value: 0.847955:  92%|█████████▏| 92/100 [07:03<00:49,  6.15s/it]                                                                                      Best trial: 49. Best value: 0.847955:  92%|█████████▏| 92/100 [07:08<00:49,  6.15s/it]Best trial: 49. Best value: 0.847955:  92%|█████████▏| 92/100 [07:08<00:49,  6.15s/it]Best trial: 49. Best value: 0.847955:  93%|█████████▎| 93/100 [07:08<00:39,  5.65s/it]                                                                                      Best trial: 49. Best value: 0.847955:  93%|█████████▎| 93/100 [07:13<00:39,  5.65s/it]Best trial: 49. Best value: 0.847955:  93%|█████████▎| 93/100 [07:13<00:39,  5.65s/it]Best trial: 49. Best value: 0.847955:  94%|█████████▍| 94/100 [07:13<00:33,  5.50s/it]                                                                                      Best trial: 49. Best value: 0.847955:  94%|█████████▍| 94/100 [07:20<00:33,  5.50s/it]Best trial: 49. Best value: 0.847955:  94%|█████████▍| 94/100 [07:20<00:33,  5.50s/it]Best trial: 49. Best value: 0.847955:  95%|█████████▌| 95/100 [07:20<00:30,  6.11s/it]                                                                                      Best trial: 49. Best value: 0.847955:  95%|█████████▌| 95/100 [07:25<00:30,  6.11s/it]Best trial: 49. Best value: 0.847955:  95%|█████████▌| 95/100 [07:25<00:30,  6.11s/it]Best trial: 49. Best value: 0.847955:  96%|█████████▌| 96/100 [07:25<00:22,  5.59s/it]                                                                                      Best trial: 49. Best value: 0.847955:  96%|█████████▌| 96/100 [07:31<00:22,  5.59s/it]Best trial: 49. Best value: 0.847955:  96%|█████████▌| 96/100 [07:31<00:22,  5.59s/it]Best trial: 49. Best value: 0.847955:  97%|█████████▋| 97/100 [07:31<00:17,  5.94s/it]                                                                                      Best trial: 49. Best value: 0.847955:  97%|█████████▋| 97/100 [07:37<00:17,  5.94s/it]Best trial: 49. Best value: 0.847955:  97%|█████████▋| 97/100 [07:37<00:17,  5.94s/it]Best trial: 49. Best value: 0.847955:  98%|█████████▊| 98/100 [07:37<00:11,  5.87s/it]                                                                                      Best trial: 49. Best value: 0.847955:  98%|█████████▊| 98/100 [07:46<00:11,  5.87s/it]Best trial: 49. Best value: 0.847955:  98%|█████████▊| 98/100 [07:46<00:11,  5.87s/it]Best trial: 49. Best value: 0.847955:  99%|█████████▉| 99/100 [07:46<00:06,  6.85s/it]                                                                                      Best trial: 49. Best value: 0.847955:  99%|█████████▉| 99/100 [07:53<00:06,  6.85s/it]Best trial: 49. Best value: 0.847955:  99%|█████████▉| 99/100 [07:53<00:06,  6.85s/it]Best trial: 49. Best value: 0.847955: 100%|██████████| 100/100 [07:53<00:00,  6.94s/it]Best trial: 49. Best value: 0.847955: 100%|██████████| 100/100 [07:53<00:00,  4.74s/it]
[I 2024-10-15 10:06:58,015] Trial 86 finished with value: 0.8483758033239116 and parameters: {'lambda': 0.016386412080029996, 'alpha': 0.0010167028206482405, 'subsample': 0.9389336384619346, 'colsample_bytree': 0.7308137518636815, 'max_depth': 4, 'learning_rate': 0.11848827554834386, 'n_estimators': 67}. Best is trial 49 with value: 0.8479551493490314.
  Unique groups in CV: 375
  Unique groups in CV: 375
  Unique groups in CV: 375
  Unique groups in CV: 375
[I 2024-10-15 10:07:04,852] Trial 87 finished with value: 0.8483758436717725 and parameters: {'lambda': 0.22051699226668445, 'alpha': 0.0017807175374820023, 'subsample': 0.8228236468472351, 'colsample_bytree': 0.7134443837665552, 'max_depth': 4, 'learning_rate': 0.13756088176230954, 'n_estimators': 97}. Best is trial 49 with value: 0.8479551493490314.
  Unique groups in CV: 375
  Unique groups in CV: 375
  Unique groups in CV: 375
  Unique groups in CV: 375
[I 2024-10-15 10:07:11,923] Trial 88 finished with value: 0.8481339185727301 and parameters: {'lambda': 0.008618160297795757, 'alpha': 9.107449361357709, 'subsample': 0.7933444332268538, 'colsample_bytree': 0.6829201941620412, 'max_depth': 5, 'learning_rate': 0.07786608815588586, 'n_estimators': 81}. Best is trial 49 with value: 0.8479551493490314.
  Unique groups in CV: 375
  Unique groups in CV: 375
  Unique groups in CV: 375
  Unique groups in CV: 375
[I 2024-10-15 10:07:18,532] Trial 89 finished with value: 0.8499438568254514 and parameters: {'lambda': 0.09428978134630925, 'alpha': 4.811906088371539, 'subsample': 0.7835084910934929, 'colsample_bytree': 0.6964989504576754, 'max_depth': 5, 'learning_rate': 0.053892484233202115, 'n_estimators': 73}. Best is trial 49 with value: 0.8479551493490314.
  Unique groups in CV: 375
  Unique groups in CV: 375
  Unique groups in CV: 375
  Unique groups in CV: 375
[I 2024-10-15 10:07:23,906] Trial 90 finished with value: 0.8682184738934969 and parameters: {'lambda': 0.005477853142136874, 'alpha': 1.0849719285265123, 'subsample': 0.8063043021820443, 'colsample_bytree': 0.49111999168870324, 'max_depth': 5, 'learning_rate': 0.07730549272751794, 'n_estimators': 82}. Best is trial 49 with value: 0.8479551493490314.
  Unique groups in CV: 375
  Unique groups in CV: 375
  Unique groups in CV: 375
  Unique groups in CV: 375
[I 2024-10-15 10:07:30,318] Trial 91 finished with value: 0.8487556802315277 and parameters: {'lambda': 0.009232136659458958, 'alpha': 0.003522434328825313, 'subsample': 0.8620138897620059, 'colsample_bytree': 0.6815665452657048, 'max_depth': 4, 'learning_rate': 0.06680348447372325, 'n_estimators': 87}. Best is trial 49 with value: 0.8479551493490314.
  Unique groups in CV: 375
  Unique groups in CV: 375
  Unique groups in CV: 375
  Unique groups in CV: 375
[I 2024-10-15 10:07:34,807] Trial 92 finished with value: 0.8672594435963162 and parameters: {'lambda': 0.007900396331839156, 'alpha': 0.007790104588613179, 'subsample': 0.8379542812742086, 'colsample_bytree': 0.6585307768072595, 'max_depth': 4, 'learning_rate': 0.1077325175820742, 'n_estimators': 80}. Best is trial 49 with value: 0.8479551493490314.
  Unique groups in CV: 375
  Unique groups in CV: 375
  Unique groups in CV: 375
  Unique groups in CV: 375
