[I 2024-10-15 10:07:39,952] Trial 93 finished with value: 0.8670627924916398 and parameters: {'lambda': 0.004283258779893283, 'alpha': 0.0017111991681988323, 'subsample': 0.77007209231667, 'colsample_bytree': 0.6352713640234804, 'max_depth': 4, 'learning_rate': 0.09818149283975701, 'n_estimators': 92}. Best is trial 49 with value: 0.8479551493490314.
  Unique groups in CV: 375
  Unique groups in CV: 375
  Unique groups in CV: 375
  Unique groups in CV: 375
[I 2024-10-15 10:07:47,467] Trial 94 finished with value: 0.8484480486638839 and parameters: {'lambda': 0.02098517064815667, 'alpha': 2.053806801002668, 'subsample': 0.9624597418882153, 'colsample_bytree': 0.6978791766507361, 'max_depth': 5, 'learning_rate': 0.1310848233721465, 'n_estimators': 84}. Best is trial 49 with value: 0.8479551493490314.
  Unique groups in CV: 375
  Unique groups in CV: 375
  Unique groups in CV: 375
  Unique groups in CV: 375
[I 2024-10-15 10:07:51,863] Trial 95 finished with value: 0.8678362186402685 and parameters: {'lambda': 0.013781480517288306, 'alpha': 0.0012633304435321325, 'subsample': 0.7931609862455032, 'colsample_bytree': 0.6154873835975803, 'max_depth': 4, 'learning_rate': 0.08573666603401926, 'n_estimators': 78}. Best is trial 49 with value: 0.8479551493490314.
  Unique groups in CV: 375
  Unique groups in CV: 375
  Unique groups in CV: 375
  Unique groups in CV: 375
[I 2024-10-15 10:07:58,597] Trial 96 finished with value: 0.8488656241934726 and parameters: {'lambda': 0.002466196638854022, 'alpha': 0.0054770754167298135, 'subsample': 0.7572988956858545, 'colsample_bytree': 0.6676047209093773, 'max_depth': 5, 'learning_rate': 0.11212547035828255, 'n_estimators': 76}. Best is trial 49 with value: 0.8479551493490314.
  Unique groups in CV: 375
  Unique groups in CV: 375
  Unique groups in CV: 375
  Unique groups in CV: 375
[I 2024-10-15 10:08:04,331] Trial 97 finished with value: 0.8485733662237367 and parameters: {'lambda': 0.052133604954765496, 'alpha': 0.002384336787221928, 'subsample': 0.8752260586741042, 'colsample_bytree': 0.7381003827299772, 'max_depth': 3, 'learning_rate': 0.12259599495543547, 'n_estimators': 100}. Best is trial 49 with value: 0.8479551493490314.
  Unique groups in CV: 375
  Unique groups in CV: 375
  Unique groups in CV: 375
  Unique groups in CV: 375
[I 2024-10-15 10:08:13,450] Trial 98 finished with value: 0.8507370203458542 and parameters: {'lambda': 0.008600461618263517, 'alpha': 8.736528554291908, 'subsample': 0.9151777304401147, 'colsample_bytree': 0.7070246023503324, 'max_depth': 6, 'learning_rate': 0.03939571765631729, 'n_estimators': 86}. Best is trial 49 with value: 0.8479551493490314.
  Unique groups in CV: 375
  Unique groups in CV: 375
  Unique groups in CV: 375
  Unique groups in CV: 375
[I 2024-10-15 10:08:20,596] Trial 99 finished with value: 0.8481461982379731 and parameters: {'lambda': 0.17113489801274887, 'alpha': 0.0032092381228220317, 'subsample': 0.815261765893061, 'colsample_bytree': 0.7514445957506833, 'max_depth': 4, 'learning_rate': 0.09473984649189059, 'n_estimators': 95}. Best is trial 49 with value: 0.8479551493490314.
