Best trial: 12. Best value: 0.849181:  17%|█▋        | 17/100 [01:18<04:48,  3.48s/it]Best trial: 12. Best value: 0.849181:  17%|█▋        | 17/100 [01:18<04:48,  3.48s/it]Best trial: 12. Best value: 0.849181:  18%|█▊        | 18/100 [01:18<04:18,  3.15s/it]                                                                                      Best trial: 12. Best value: 0.849181:  18%|█▊        | 18/100 [01:22<04:18,  3.15s/it]Best trial: 12. Best value: 0.849181:  18%|█▊        | 18/100 [01:22<04:18,  3.15s/it]Best trial: 12. Best value: 0.849181:  19%|█▉        | 19/100 [01:22<04:16,  3.16s/it]                                                                                      Best trial: 12. Best value: 0.849181:  19%|█▉        | 19/100 [01:24<04:16,  3.16s/it]Best trial: 12. Best value: 0.849181:  19%|█▉        | 19/100 [01:24<04:16,  3.16s/it]Best trial: 12. Best value: 0.849181:  20%|██        | 20/100 [01:24<04:04,  3.05s/it]                                                                                      Best trial: 12. Best value: 0.849181:  20%|██        | 20/100 [01:27<04:04,  3.05s/it]Best trial: 12. Best value: 0.849181:  20%|██        | 20/100 [01:27<04:04,  3.05s/it]Best trial: 12. Best value: 0.849181:  21%|██        | 21/100 [01:27<03:43,  2.83s/it]                                                                                      Best trial: 12. Best value: 0.849181:  21%|██        | 21/100 [01:30<03:43,  2.83s/it]Best trial: 12. Best value: 0.849181:  21%|██        | 21/100 [01:30<03:43,  2.83s/it]Best trial: 12. Best value: 0.849181:  22%|██▏       | 22/100 [01:30<03:53,  2.99s/it]                                                                                      Best trial: 12. Best value: 0.849181:  22%|██▏       | 22/100 [01:35<03:53,  2.99s/it]Best trial: 12. Best value: 0.849181:  22%|██▏       | 22/100 [01:35<03:53,  2.99s/it]Best trial: 12. Best value: 0.849181:  23%|██▎       | 23/100 [01:35<04:38,  3.61s/it]                                                                                      Best trial: 12. Best value: 0.849181:  23%|██▎       | 23/100 [01:38<04:38,  3.61s/it]Best trial: 12. Best value: 0.849181:  23%|██▎       | 23/100 [01:38<04:38,  3.61s/it]Best trial: 12. Best value: 0.849181:  24%|██▍       | 24/100 [01:38<04:17,  3.39s/it]                                                                                      Best trial: 12. Best value: 0.849181:  24%|██▍       | 24/100 [01:40<04:17,  3.39s/it]Best trial: 12. Best value: 0.849181:  24%|██▍       | 24/100 [01:40<04:17,  3.39s/it]Best trial: 12. Best value: 0.849181:  25%|██▌       | 25/100 [01:40<03:50,  3.07s/it]                                                                                      Best trial: 12. Best value: 0.849181:  25%|██▌       | 25/100 [01:42<03:50,  3.07s/it]Best trial: 12. Best value: 0.849181:  25%|██▌       | 25/100 [01:42<03:50,  3.07s/it]Best trial: 12. Best value: 0.849181:  26%|██▌       | 26/100 [01:42<03:24,  2.76s/it]                                                                                      Best trial: 12. Best value: 0.849181:  26%|██▌       | 26/100 [01:47<03:24,  2.76s/it]Best trial: 12. Best value: 0.849181:  26%|██▌       | 26/100 [01:47<03:24,  2.76s/it]Best trial: 12. Best value: 0.849181:  27%|██▋       | 27/100 [01:47<03:56,  3.23s/it]                                                                                      Best trial: 12. Best value: 0.849181:  27%|██▋       | 27/100 [01:49<03:56,  3.23s/it]Best trial: 12. Best value: 0.849181:  27%|██▋       | 27/100 [01:49<03:56,  3.23s/it]Best trial: 12. Best value: 0.849181:  28%|██▊       | 28/100 [01:49<03:43,  3.10s/it]                                                                                      Best trial: 12. Best value: 0.849181:  28%|██▊       | 28/100 [01:52<03:43,  3.10s/it]Best trial: 12. Best value: 0.849181:  28%|██▊       | 28/100 [01:52<03:43,  3.10s/it]Best trial: 12. Best value: 0.849181:  29%|██▉       | 29/100 [01:52<03:20,  2.82s/it]                                                                                      Best trial: 12. Best value: 0.849181:  29%|██▉       | 29/100 [01:55<03:20,  2.82s/it]Best trial: 12. Best value: 0.849181:  29%|██▉       | 29/100 [01:55<03:20,  2.82s/it]Best trial: 12. Best value: 0.849181:  30%|███       | 30/100 [01:55<03:20,  2.86s/it]                                                                                      Best trial: 12. Best value: 0.849181:  30%|███       | 30/100 [01:56<03:20,  2.86s/it]Best trial: 12. Best value: 0.849181:  30%|███       | 30/100 [01:56<03:20,  2.86s/it]Best trial: 12. Best value: 0.849181:  31%|███       | 31/100 [01:56<02:54,  2.53s/it]                                                                                      Best trial: 12. Best value: 0.849181:  31%|███       | 31/100 [01:59<02:54,  2.53s/it]Best trial: 12. Best value: 0.849181:  31%|███       | 31/100 [01:59<02:54,  2.53s/it]Best trial: 12. Best value: 0.849181:  32%|███▏      | 32/100 [01:59<02:55,  2.57s/it]                                                                                      Best trial: 12. Best value: 0.849181:  32%|███▏      | 32/100 [02:01<02:55,  2.57s/it]Best trial: 12. Best value: 0.849181:  32%|███▏      | 32/100 [02:01<02:55,  2.57s/it]Best trial: 12. Best value: 0.849181:  33%|███▎      | 33/100 [02:01<02:46,  2.48s/it]                                                                                      Best trial: 12. Best value: 0.849181:  33%|███▎      | 33/100 [02:05<02:46,  2.48s/it]Best trial: 12. Best value: 0.849181:  33%|███▎      | 33/100 [02:05<02:46,  2.48s/it]Best trial: 12. Best value: 0.849181:  34%|███▍      | 34/100 [02:05<03:13,  2.94s/it]                                                                                      Best trial: 12. Best value: 0.849181:  34%|███▍      | 34/100 [02:09<03:13,  2.94s/it]Best trial: 34. Best value: 0.848955:  34%|███▍      | 34/100 [02:09<03:13,  2.94s/it]Best trial: 34. Best value: 0.848955:  35%|███▌      | 35/100 [02:09<03:34,  3.29s/it][I 2024-10-15 10:01:45,548] Trial 17 finished with value: 0.8562295917747708 and parameters: {'lambda': 8.991349805319151, 'alpha': 0.042521277967033054, 'subsample': 0.49785549043311766, 'colsample_bytree': 0.7479241892600101, 'max_depth': 2, 'learning_rate': 0.18068354848245605, 'n_estimators': 55}. Best is trial 12 with value: 0.8491811395565001.
  Unique groups in CV: 375
  Unique groups in CV: 375
  Unique groups in CV: 375
  Unique groups in CV: 375
[I 2024-10-15 10:01:48,725] Trial 18 finished with value: 0.8504177458084846 and parameters: {'lambda': 1.729501856579257, 'alpha': 0.006766472491620508, 'subsample': 0.9286892021417427, 'colsample_bytree': 0.8885625706267151, 'max_depth': 6, 'learning_rate': 0.2501899415566714, 'n_estimators': 29}. Best is trial 12 with value: 0.8491811395565001.
  Unique groups in CV: 375
  Unique groups in CV: 375
  Unique groups in CV: 375
  Unique groups in CV: 375
[I 2024-10-15 10:01:51,523] Trial 19 finished with value: 0.8496438008606314 and parameters: {'lambda': 0.2868256357583114, 'alpha': 0.05021512076883712, 'subsample': 0.6534961244893153, 'colsample_bytree': 0.7823624850861323, 'max_depth': 4, 'learning_rate': 0.17855754090721582, 'n_estimators': 37}. Best is trial 12 with value: 0.8491811395565001.
  Unique groups in CV: 375
  Unique groups in CV: 375
  Unique groups in CV: 375
  Unique groups in CV: 375
[I 2024-10-15 10:01:53,829] Trial 20 finished with value: 0.8628320620990965 and parameters: {'lambda': 2.704618355708936, 'alpha': 0.0032742299229667655, 'subsample': 0.7885473979962738, 'colsample_bytree': 0.8686844635255788, 'max_depth': 7, 'learning_rate': 0.1140412031729681, 'n_estimators': 17}. Best is trial 12 with value: 0.8491811395565001.
  Unique groups in CV: 375
  Unique groups in CV: 375
  Unique groups in CV: 375
  Unique groups in CV: 375
[I 2024-10-15 10:01:57,204] Trial 21 finished with value: 0.8496840389648921 and parameters: {'lambda': 0.6046398426181349, 'alpha': 0.11280833617684471, 'subsample': 0.5210281048006101, 'colsample_bytree': 0.9494460112101999, 'max_depth': 5, 'learning_rate': 0.18771855248313465, 'n_estimators': 41}. Best is trial 12 with value: 0.8491811395565001.
  Unique groups in CV: 375
  Unique groups in CV: 375
  Unique groups in CV: 375
  Unique groups in CV: 375
[I 2024-10-15 10:02:02,268] Trial 22 finished with value: 0.8500566963628342 and parameters: {'lambda': 0.09047521907089445, 'alpha': 0.23271088572213156, 'subsample': 0.6053995734497873, 'colsample_bytree': 0.9512076712500895, 'max_depth': 5, 'learning_rate': 0.20108322863864625, 'n_estimators': 62}. Best is trial 12 with value: 0.8491811395565001.
  Unique groups in CV: 375
  Unique groups in CV: 375
  Unique groups in CV: 375
  Unique groups in CV: 375
[I 2024-10-15 10:02:05,124] Trial 23 finished with value: 0.8501191553176302 and parameters: {'lambda': 0.13174557512161522, 'alpha': 0.020532724127476136, 'subsample': 0.6651786316690144, 'colsample_bytree': 0.8544687594569889, 'max_depth': 3, 'learning_rate': 0.2460900845317348, 'n_estimators': 50}. Best is trial 12 with value: 0.8491811395565001.
  Unique groups in CV: 375
  Unique groups in CV: 375
  Unique groups in CV: 375
  Unique groups in CV: 375
[I 2024-10-15 10:02:07,463] Trial 24 finished with value: 0.8502853319087567 and parameters: {'lambda': 3.674012332837082, 'alpha': 0.1430858506855771, 'subsample': 0.5513792001872575, 'colsample_bytree': 0.9267523302539034, 'max_depth': 4, 'learning_rate': 0.153594521649575, 'n_estimators': 32}. Best is trial 12 with value: 0.8491811395565001.
  Unique groups in CV: 375
  Unique groups in CV: 375
  Unique groups in CV: 375
  Unique groups in CV: 375
[I 2024-10-15 10:02:09,488] Trial 25 finished with value: 0.8524789075219257 and parameters: {'lambda': 0.6356120098962121, 'alpha': 0.06327279330849434, 'subsample': 0.99847609506143, 'colsample_bytree': 0.763878816769684, 'max_depth': 7, 'learning_rate': 0.2681804876579178, 'n_estimators': 14}. Best is trial 12 with value: 0.8491811395565001.
  Unique groups in CV: 375
  Unique groups in CV: 375
  Unique groups in CV: 375
  Unique groups in CV: 375
[I 2024-10-15 10:02:13,832] Trial 26 finished with value: 0.8512843084208334 and parameters: {'lambda': 0.5576315689956413, 'alpha': 0.021880258803160406, 'subsample': 0.6159967122255644, 'colsample_bytree': 0.9615167864294373, 'max_depth': 6, 'learning_rate': 0.23183706654114436, 'n_estimators': 43}. Best is trial 12 with value: 0.8491811395565001.
  Unique groups in CV: 375
  Unique groups in CV: 375
  Unique groups in CV: 375
  Unique groups in CV: 375
[I 2024-10-15 10:02:16,636] Trial 27 finished with value: 0.8517901674030742 and parameters: {'lambda': 0.09018726089737893, 'alpha': 0.008507907678843588, 'subsample': 0.6939525460060234, 'colsample_bytree': 0.8365043787678291, 'max_depth': 6, 'learning_rate': 0.2076771254089364, 'n_estimators': 26}. Best is trial 12 with value: 0.8491811395565001.
  Unique groups in CV: 375
  Unique groups in CV: 375
  Unique groups in CV: 375
  Unique groups in CV: 375
[I 2024-10-15 10:02:18,799] Trial 28 finished with value: 0.8510228093185255 and parameters: {'lambda': 0.005139061443863048, 'alpha': 2.2206679877907347, 'subsample': 0.5225219184398184, 'colsample_bytree': 0.7002641358076438, 'max_depth': 3, 'learning_rate': 0.17129250006803576, 'n_estimators': 37}. Best is trial 12 with value: 0.8491811395565001.
  Unique groups in CV: 375
  Unique groups in CV: 375
  Unique groups in CV: 375
  Unique groups in CV: 375
[I 2024-10-15 10:02:21,744] Trial 29 finished with value: 0.8678931101378842 and parameters: {'lambda': 0.04674423283145511, 'alpha': 0.363196431384743, 'subsample': 0.4535469526387498, 'colsample_bytree': 0.600169743530681, 'max_depth': 4, 'learning_rate': 0.1352346681792682, 'n_estimators': 56}. Best is trial 12 with value: 0.8491811395565001.
  Unique groups in CV: 375
  Unique groups in CV: 375
  Unique groups in CV: 375
  Unique groups in CV: 375
[I 2024-10-15 10:02:23,493] Trial 30 finished with value: 0.851512749507415 and parameters: {'lambda': 4.46483204904922, 'alpha': 1.0132501913141627, 'subsample': 0.42873853902185133, 'colsample_bytree': 0.8921451909178041, 'max_depth': 5, 'learning_rate': 0.19772851507244354, 'n_estimators': 19}. Best is trial 12 with value: 0.8491811395565001.
  Unique groups in CV: 375
  Unique groups in CV: 375
  Unique groups in CV: 375
  Unique groups in CV: 375
[I 2024-10-15 10:02:26,182] Trial 31 finished with value: 0.8496132610392603 and parameters: {'lambda': 0.2285594834969783, 'alpha': 0.04961755724843411, 'subsample': 0.6803675569613299, 'colsample_bytree': 0.7854663869245113, 'max_depth': 4, 'learning_rate': 0.17512291175074088, 'n_estimators': 37}. Best is trial 12 with value: 0.8491811395565001.
  Unique groups in CV: 375
  Unique groups in CV: 375
  Unique groups in CV: 375
  Unique groups in CV: 375
[I 2024-10-15 10:02:28,455] Trial 32 finished with value: 0.8500768166197077 and parameters: {'lambda': 0.18844165215391606, 'alpha': 0.029270804297124222, 'subsample': 0.6915715270083619, 'colsample_bytree': 0.8043907189402834, 'max_depth': 3, 'learning_rate': 0.23671175821771126, 'n_estimators': 38}. Best is trial 12 with value: 0.8491811395565001.
  Unique groups in CV: 375
  Unique groups in CV: 375
  Unique groups in CV: 375
  Unique groups in CV: 375
[I 2024-10-15 10:02:32,452] Trial 33 finished with value: 0.8492431706074495 and parameters: {'lambda': 0.04791629400313251, 'alpha': 0.07000761147245214, 'subsample': 0.6203543038610753, 'colsample_bytree': 0.7226902858256976, 'max_depth': 5, 'learning_rate': 0.10757090503796006, 'n_estimators': 48}. Best is trial 12 with value: 0.8491811395565001.
  Unique groups in CV: 375
  Unique groups in CV: 375
  Unique groups in CV: 375
  Unique groups in CV: 375
[I 2024-10-15 10:02:36,573] Trial 34 finished with value: 0.8489552747540444 and parameters: {'lambda': 0.009906029752278573, 'alpha': 0.07467094407104397, 'subsample': 0.6295444239680215, 'colsample_bytree': 0.6884341866465704, 'max_depth': 5, 'learning_rate': 0.1124648018883324, 'n_estimators': 48}. Best is trial 34 with value: 0.8489552747540444.
  Unique groups in CV: 375
                                                                                      Best trial: 34. Best value: 0.848955:  35%|███▌      | 35/100 [02:15<03:34,  3.29s/it]Best trial: 34. Best value: 0.848955:  35%|███▌      | 35/100 [02:15<03:34,  3.29s/it]Best trial: 34. Best value: 0.848955:  36%|███▌      | 36/100 [02:15<04:09,  3.89s/it]                                                                                      Best trial: 34. Best value: 0.848955:  36%|███▌      | 36/100 [02:19<04:09,  3.89s/it]Best trial: 34. Best value: 0.848955:  36%|███▌      | 36/100 [02:19<04:09,  3.89s/it]Best trial: 34. Best value: 0.848955:  37%|███▋      | 37/100 [02:19<04:09,  3.96s/it]                                                                                      Best trial: 34. Best value: 0.848955:  37%|███▋      | 37/100 [02:24<04:09,  3.96s/it]Best trial: 34. Best value: 0.848955:  37%|███▋      | 37/100 [02:24<04:09,  3.96s/it]Best trial: 34. Best value: 0.848955:  38%|███▊      | 38/100 [02:24<04:25,  4.29s/it]                                                                                      Best trial: 34. Best value: 0.848955:  38%|███▊      | 38/100 [02:26<04:25,  4.29s/it]Best trial: 34. Best value: 0.848955:  38%|███▊      | 38/100 [02:26<04:25,  4.29s/it]Best trial: 34. Best value: 0.848955:  39%|███▉      | 39/100 [02:26<03:43,  3.66s/it]                                                                                      Best trial: 34. Best value: 0.848955:  39%|███▉      | 39/100 [02:30<03:43,  3.66s/it]Best trial: 34. Best value: 0.848955:  39%|███▉      | 39/100 [02:30<03:43,  3.66s/it]Best trial: 34. Best value: 0.848955:  40%|████      | 40/100 [02:30<03:51,  3.86s/it]                                                                                      Best trial: 34. Best value: 0.848955:  40%|████      | 40/100 [02:39<03:51,  3.86s/it]Best trial: 34. Best value: 0.848955:  40%|████      | 40/100 [02:39<03:51,  3.86s/it]Best trial: 34. Best value: 0.848955:  41%|████      | 41/100 [02:39<05:13,  5.32s/it]                                                                                      Best trial: 34. Best value: 0.848955:  41%|████      | 41/100 [02:42<05:13,  5.32s/it]Best trial: 34. Best value: 0.848955:  41%|████      | 41/100 [02:42<05:13,  5.32s/it]Best trial: 34. Best value: 0.848955:  42%|████▏     | 42/100 [02:42<04:24,  4.56s/it]                                                                                      Best trial: 34. Best value: 0.848955:  42%|████▏     | 42/100 [02:45<04:24,  4.56s/it]Best trial: 34. Best value: 0.848955:  42%|████▏     | 42/100 [02:45<04:24,  4.56s/it]Best trial: 34. Best value: 0.848955:  43%|████▎     | 43/100 [02:45<03:53,  4.09s/it]                                                                                      Best trial: 34. Best value: 0.848955:  43%|████▎     | 43/100 [02:48<03:53,  4.09s/it]Best trial: 34. Best value: 0.848955:  43%|████▎     | 43/100 [02:48<03:53,  4.09s/it]Best trial: 34. Best value: 0.848955:  44%|████▍     | 44/100 [02:48<03:31,  3.77s/it]                                                                                      Best trial: 34. Best value: 0.848955:  44%|████▍     | 44/100 [02:52<03:31,  3.77s/it]Best trial: 34. Best value: 0.848955:  44%|████▍     | 44/100 [02:52<03:31,  3.77s/it]Best trial: 34. Best value: 0.848955:  45%|████▌     | 45/100 [02:52<03:30,  3.82s/it]                                                                                      Best trial: 34. Best value: 0.848955:  45%|████▌     | 45/100 [02:55<03:30,  3.82s/it]Best trial: 34. Best value: 0.848955:  45%|████▌     | 45/100 [02:55<03:30,  3.82s/it]Best trial: 34. Best value: 0.848955:  46%|████▌     | 46/100 [02:55<03:14,  3.60s/it]                                                                                      Best trial: 34. Best value: 0.848955:  46%|████▌     | 46/100 [02:58<03:14,  3.60s/it]Best trial: 46. Best value: 0.848947:  46%|████▌     | 46/100 [02:59<03:14,  3.60s/it]Best trial: 46. Best value: 0.848947:  47%|████▋     | 47/100 [02:59<03:10,  3.59s/it]                                                                                      Best trial: 46. Best value: 0.848947:  47%|████▋     | 47/100 [03:04<03:10,  3.59s/it]Best trial: 47. Best value: 0.848339:  47%|████▋     | 47/100 [03:04<03:10,  3.59s/it]Best trial: 47. Best value: 0.848339:  48%|████▊     | 48/100 [03:04<03:30,  4.05s/it]                                                                                      Best trial: 47. Best value: 0.848339:  48%|████▊     | 48/100 [03:07<03:30,  4.05s/it]Best trial: 47. Best value: 0.848339:  48%|████▊     | 48/100 [03:07<03:30,  4.05s/it]Best trial: 47. Best value: 0.848339:  49%|████▉     | 49/100 [03:07<03:23,  3.98s/it]                                                                                      Best trial: 47. Best value: 0.848339:  49%|████▉     | 49/100 [03:13<03:23,  3.98s/it]Best trial: 49. Best value: 0.847955:  49%|████▉     | 49/100 [03:13<03:23,  3.98s/it]Best trial: 49. Best value: 0.847955:  50%|█████     | 50/100 [03:13<03:35,  4.31s/it]                                                                                      Best trial: 49. Best value: 0.847955:  50%|█████     | 50/100 [03:17<03:35,  4.31s/it]Best trial: 49. Best value: 0.847955:  50%|█████     | 50/100 [03:17<03:35,  4.31s/it]Best trial: 49. Best value: 0.847955:  51%|█████     | 51/100 [03:17<03:27,  4.24s/it]                                                                                      Best trial: 49. Best value: 0.847955:  51%|█████     | 51/100 [03:22<03:27,  4.24s/it]Best trial: 49. Best value: 0.847955:  51%|█████     | 51/100 [03:22<03:27,  4.24s/it]Best trial: 49. Best value: 0.847955:  52%|█████▏    | 52/100 [03:22<03:44,  4.67s/it]                                                                                        Unique groups in CV: 375
  Unique groups in CV: 375
  Unique groups in CV: 375
[I 2024-10-15 10:02:41,868] Trial 35 finished with value: 0.8497887177371852 and parameters: {'lambda': 0.011587528868376992, 'alpha': 0.07772275644531632, 'subsample': 0.7453797278341954, 'colsample_bytree': 0.6863133801439877, 'max_depth': 5, 'learning_rate': 0.06735769315934072, 'n_estimators': 64}. Best is trial 34 with value: 0.8489552747540444.
  Unique groups in CV: 375
  Unique groups in CV: 375
  Unique groups in CV: 375
  Unique groups in CV: 375
[I 2024-10-15 10:02:45,994] Trial 36 finished with value: 0.8727976287190892 and parameters: {'lambda': 0.03674516426487657, 'alpha': 0.011454282879688776, 'subsample': 0.6239739144553708, 'colsample_bytree': 0.6084993059753172, 'max_depth': 8, 'learning_rate': 0.10206464322527684, 'n_estimators': 49}. Best is trial 34 with value: 0.8489552747540444.
  Unique groups in CV: 375
  Unique groups in CV: 375
  Unique groups in CV: 375
  Unique groups in CV: 375
[I 2024-10-15 10:02:51,046] Trial 37 finished with value: 0.8500513616275361 and parameters: {'lambda': 0.007320397332916173, 'alpha': 0.035007119463644, 'subsample': 0.6289999681560012, 'colsample_bytree': 0.7204327682968219, 'max_depth': 6, 'learning_rate': 0.08167398849184827, 'n_estimators': 53}. Best is trial 34 with value: 0.8489552747540444.
  Unique groups in CV: 375
  Unique groups in CV: 375
  Unique groups in CV: 375
  Unique groups in CV: 375
