[I 2024-10-10 16:26:18,075] Trial 51 finished with value: 0.8481488238100416 and parameters: {'lambda': 0.015579350723553795, 'alpha': 0.001899665458787777, 'subsample': 0.8434567813866429, 'colsample_bytree': 0.7056380012469836, 'max_depth': 4, 'learning_rate': 0.10796917445035736, 'n_estimators': 85}. Best is trial 49 with value: 0.8479551493490314.
  Unique groups in CV: 375
  Unique groups in CV: 375
  Unique groups in CV: 375
  Unique groups in CV: 375
Best trial: 49. Best value: 0.847955:  52%|█████▏    | 52/100 [04:17<05:23,  6.74s/it]Best trial: 49. Best value: 0.847955:  52%|█████▏    | 52/100 [04:17<05:23,  6.74s/it]Best trial: 49. Best value: 0.847955:  53%|█████▎    | 53/100 [04:17<04:45,  6.06s/it]                                                                                      Best trial: 49. Best value: 0.847955:  53%|█████▎    | 53/100 [04:29<04:45,  6.06s/it]Best trial: 49. Best value: 0.847955:  53%|█████▎    | 53/100 [04:29<04:45,  6.06s/it]Best trial: 49. Best value: 0.847955:  54%|█████▍    | 54/100 [04:29<05:59,  7.81s/it]                                                                                      Best trial: 49. Best value: 0.847955:  54%|█████▍    | 54/100 [04:39<05:59,  7.81s/it]Best trial: 49. Best value: 0.847955:  54%|█████▍    | 54/100 [04:39<05:59,  7.81s/it]Best trial: 49. Best value: 0.847955:  55%|█████▌    | 55/100 [04:39<06:28,  8.63s/it]                                                                                      Best trial: 49. Best value: 0.847955:  55%|█████▌    | 55/100 [04:44<06:28,  8.63s/it]Best trial: 49. Best value: 0.847955:  55%|█████▌    | 55/100 [04:44<06:28,  8.63s/it]Best trial: 49. Best value: 0.847955:  56%|█████▌    | 56/100 [04:44<05:27,  7.44s/it]                                                                                      Best trial: 49. Best value: 0.847955:  56%|█████▌    | 56/100 [04:49<05:27,  7.44s/it]Best trial: 49. Best value: 0.847955:  56%|█████▌    | 56/100 [04:49<05:27,  7.44s/it]Best trial: 49. Best value: 0.847955:  57%|█████▋    | 57/100 [04:49<04:51,  6.78s/it]                                                                                      Best trial: 49. Best value: 0.847955:  57%|█████▋    | 57/100 [04:55<04:51,  6.78s/it]Best trial: 49. Best value: 0.847955:  57%|█████▋    | 57/100 [04:55<04:51,  6.78s/it]Best trial: 49. Best value: 0.847955:  58%|█████▊    | 58/100 [04:55<04:32,  6.49s/it]                                                                                      Best trial: 49. Best value: 0.847955:  58%|█████▊    | 58/100 [05:02<04:32,  6.49s/it]Best trial: 49. Best value: 0.847955:  58%|█████▊    | 58/100 [05:02<04:32,  6.49s/it]Best trial: 49. Best value: 0.847955:  59%|█████▉    | 59/100 [05:02<04:33,  6.68s/it]                                                                                      Best trial: 49. Best value: 0.847955:  59%|█████▉    | 59/100 [05:41<04:33,  6.68s/it]Best trial: 49. Best value: 0.847955:  59%|█████▉    | 59/100 [05:41<04:33,  6.68s/it]Best trial: 49. Best value: 0.847955:  60%|██████    | 60/100 [05:41<10:56, 16.42s/it]                                                                                      Best trial: 49. Best value: 0.847955:  60%|██████    | 60/100 [05:50<10:56, 16.42s/it]Best trial: 49. Best value: 0.847955:  60%|██████    | 60/100 [05:50<10:56, 16.42s/it]Best trial: 49. Best value: 0.847955:  61%|██████    | 61/100 [05:50<09:06, 14.02s/it]                                                                                      Best trial: 49. Best value: 0.847955:  61%|██████    | 61/100 [05:57<09:06, 14.02s/it]Best trial: 49. Best value: 0.847955:  61%|██████    | 61/100 [05:57<09:06, 14.02s/it]Best trial: 49. Best value: 0.847955:  62%|██████▏   | 62/100 [05:57<07:35, 11.99s/it]                                                                                      Best trial: 49. Best value: 0.847955:  62%|██████▏   | 62/100 [06:04<07:35, 11.99s/it]Best trial: 49. Best value: 0.847955:  62%|██████▏   | 62/100 [06:04<07:35, 11.99s/it]Best trial: 49. Best value: 0.847955:  63%|██████▎   | 63/100 [06:04<06:30, 10.56s/it]                                                                                      Best trial: 49. Best value: 0.847955:  63%|██████▎   | 63/100 [06:13<06:30, 10.56s/it]Best trial: 49. Best value: 0.847955:  63%|██████▎   | 63/100 [06:13<06:30, 10.56s/it]Best trial: 49. Best value: 0.847955:  64%|██████▍   | 64/100 [06:13<06:05, 10.14s/it]                                                                                      Best trial: 49. Best value: 0.847955:  64%|██████▍   | 64/100 [06:28<06:05, 10.14s/it]Best trial: 49. Best value: 0.847955:  64%|██████▍   | 64/100 [06:28<06:05, 10.14s/it]Best trial: 49. Best value: 0.847955:  65%|██████▌   | 65/100 [06:28<06:41, 11.47s/it]                                                                                      Best trial: 49. Best value: 0.847955:  65%|██████▌   | 65/100 [06:37<06:41, 11.47s/it]Best trial: 49. Best value: 0.847955:  65%|██████▌   | 65/100 [06:37<06:41, 11.47s/it]Best trial: 49. Best value: 0.847955:  66%|██████▌   | 66/100 [06:37<06:08, 10.84s/it][I 2024-10-15 10:00:26,636] A new study created in memory with name: no-name-4c245dce-e0ce-4dde-a2d6-8d2a008a3f52
  0%|          | 0/100 [00:00<?, ?it/s]                                         0%|          | 0/100 [00:01<?, ?it/s]Best trial: 0. Best value: 0.989692:   0%|          | 0/100 [00:01<?, ?it/s]Best trial: 0. Best value: 0.989692:   1%|          | 1/100 [00:01<02:13,  1.35s/it]                                                                                    Best trial: 0. Best value: 0.989692:   1%|          | 1/100 [00:10<02:13,  1.35s/it]Best trial: 1. Best value: 0.870971:   1%|          | 1/100 [00:10<02:13,  1.35s/it]Best trial: 1. Best value: 0.870971:   2%|▏         | 2/100 [00:10<09:39,  5.92s/it]                                                                                    Best trial: 1. Best value: 0.870971:   2%|▏         | 2/100 [00:16<09:39,  5.92s/it]Best trial: 2. Best value: 0.851565:   2%|▏         | 2/100 [00:16<09:39,  5.92s/it]Best trial: 2. Best value: 0.851565:   3%|▎         | 3/100 [00:16<09:20,  5.77s/it]                                                                                    Best trial: 2. Best value: 0.851565:   3%|▎         | 3/100 [00:17<09:20,  5.77s/it]Best trial: 2. Best value: 0.851565:   3%|▎         | 3/100 [00:17<09:20,  5.77s/it]Best trial: 2. Best value: 0.851565:   4%|▍         | 4/100 [00:17<06:39,  4.16s/it]                                                                                    Best trial: 2. Best value: 0.851565:   4%|▍         | 4/100 [00:25<06:39,  4.16s/it]Best trial: 2. Best value: 0.851565:   4%|▍         | 4/100 [00:25<06:39,  4.16s/it]Best trial: 2. Best value: 0.851565:   5%|▌         | 5/100 [00:25<08:51,  5.59s/it]                                                                                    Best trial: 2. Best value: 0.851565:   5%|▌         | 5/100 [00:32<08:51,  5.59s/it]Best trial: 2. Best value: 0.851565:   5%|▌         | 5/100 [00:32<08:51,  5.59s/it]Best trial: 2. Best value: 0.851565:   6%|▌         | 6/100 [00:32<09:33,  6.10s/it]                                                                                    Best trial: 2. Best value: 0.851565:   6%|▌         | 6/100 [00:37<09:33,  6.10s/it]Best trial: 2. Best value: 0.851565:   6%|▌         | 6/100 [00:37<09:33,  6.10s/it]Best trial: 2. Best value: 0.851565:   7%|▋         | 7/100 [00:37<08:47,  5.67s/it]                                                                                    Best trial: 2. Best value: 0.851565:   7%|▋         | 7/100 [00:38<08:47,  5.67s/it]Best trial: 2. Best value: 0.851565:   7%|▋         | 7/100 [00:38<08:47,  5.67s/it]Best trial: 2. Best value: 0.851565:   8%|▊         | 8/100 [00:38<06:19,  4.13s/it]                                                                                    Best trial: 2. Best value: 0.851565:   8%|▊         | 8/100 [00:41<06:19,  4.13s/it]Best trial: 2. Best value: 0.851565:   8%|▊         | 8/100 [00:41<06:19,  4.13s/it]Best trial: 2. Best value: 0.851565:   9%|▉         | 9/100 [00:41<05:47,  3.82s/it]                                                                                    Best trial: 2. Best value: 0.851565:   9%|▉         | 9/100 [00:47<05:47,  3.82s/it]Best trial: 2. Best value: 0.851565:   9%|▉         | 9/100 [00:47<05:47,  3.82s/it]Best trial: 2. Best value: 0.851565:  10%|█         | 10/100 [00:47<06:46,  4.52s/it]                                                                                     Best trial: 2. Best value: 0.851565:  10%|█         | 10/100 [00:51<06:46,  4.52s/it]Best trial: 10. Best value: 0.849503:  10%|█         | 10/100 [00:51<06:46,  4.52s/it]Best trial: 10. Best value: 0.849503:  11%|█         | 11/100 [00:51<06:17,  4.24s/it]                                                                                      Best trial: 10. Best value: 0.849503:  11%|█         | 11/100 [00:59<06:17,  4.24s/it]Best trial: 10. Best value: 0.849503:  11%|█         | 11/100 [00:59<06:17,  4.24s/it]Best trial: 10. Best value: 0.849503:  12%|█▏        | 12/100 [00:59<07:56,  5.41s/it]                                                                                      Best trial: 10. Best value: 0.849503:  12%|█▏        | 12/100 [01:02<07:56,  5.41s/it]Best trial: 12. Best value: 0.849181:  12%|█▏        | 12/100 [01:02<07:56,  5.41s/it]Best trial: 12. Best value: 0.849181:  13%|█▎        | 13/100 [01:02<06:49,  4.71s/it]                                                                                      Best trial: 12. Best value: 0.849181:  13%|█▎        | 13/100 [01:06<06:49,  4.71s/it]Best trial: 12. Best value: 0.849181:  13%|█▎        | 13/100 [01:06<06:49,  4.71s/it]Best trial: 12. Best value: 0.849181:  14%|█▍        | 14/100 [01:06<06:19,  4.41s/it]                                                                                      Best trial: 12. Best value: 0.849181:  14%|█▍        | 14/100 [01:11<06:19,  4.41s/it]Best trial: 12. Best value: 0.849181:  14%|█▍        | 14/100 [01:11<06:19,  4.41s/it]Best trial: 12. Best value: 0.849181:  15%|█▌        | 15/100 [01:11<06:36,  4.67s/it]                                                                                      Best trial: 12. Best value: 0.849181:  15%|█▌        | 15/100 [01:14<06:36,  4.67s/it]Best trial: 12. Best value: 0.849181:  15%|█▌        | 15/100 [01:14<06:36,  4.67s/it]Best trial: 12. Best value: 0.849181:  16%|█▌        | 16/100 [01:14<05:49,  4.16s/it]                                                                                      Best trial: 12. Best value: 0.849181:  16%|█▌        | 16/100 [01:16<05:49,  4.16s/it]Best trial: 12. Best value: 0.849181:  16%|█▌        | 16/100 [01:16<05:49,  4.16s/it]Best trial: 12. Best value: 0.849181:  17%|█▋        | 17/100 [01:16<04:48,  3.48s/it]                                                                                        Unique groups in CV: 375
  Unique groups in CV: 375
  Unique groups in CV: 375
  Unique groups in CV: 375
[I 2024-10-15 10:00:28,028] Trial 0 finished with value: 0.9896915522395692 and parameters: {'lambda': 0.04656804637919568, 'alpha': 0.7608481233714796, 'subsample': 0.40006862489040695, 'colsample_bytree': 0.5813995435791038, 'max_depth': 3, 'learning_rate': 0.02860923983587054, 'n_estimators': 21}. Best is trial 0 with value: 0.9896915522395692.
  Unique groups in CV: 375
  Unique groups in CV: 375
  Unique groups in CV: 375
  Unique groups in CV: 375
[I 2024-10-15 10:00:37,142] Trial 1 finished with value: 0.870971289542144 and parameters: {'lambda': 0.024112537061475744, 'alpha': 0.03864291653552653, 'subsample': 0.7232900404020142, 'colsample_bytree': 0.6515167086419769, 'max_depth': 8, 'learning_rate': 0.062131222669723714, 'n_estimators': 89}. Best is trial 1 with value: 0.870971289542144.
  Unique groups in CV: 375
  Unique groups in CV: 375
  Unique groups in CV: 375
  Unique groups in CV: 375
[I 2024-10-15 10:00:42,747] Trial 2 finished with value: 0.851564780745653 and parameters: {'lambda': 0.0012869165107815027, 'alpha': 0.4806954824961602, 'subsample': 0.6503828814202761, 'colsample_bytree': 0.735213897067451, 'max_depth': 3, 'learning_rate': 0.060232345236378756, 'n_estimators': 81}. Best is trial 2 with value: 0.851564780745653.
  Unique groups in CV: 375
  Unique groups in CV: 375
  Unique groups in CV: 375
  Unique groups in CV: 375
[I 2024-10-15 10:00:44,432] Trial 3 finished with value: 1.0545196142131483 and parameters: {'lambda': 7.465283462691555, 'alpha': 0.017934807211789795, 'subsample': 0.8153935694015885, 'colsample_bytree': 0.9258334913776229, 'max_depth': 10, 'learning_rate': 0.026428219199563594, 'n_estimators': 6}. Best is trial 2 with value: 0.851564780745653.
  Unique groups in CV: 375
  Unique groups in CV: 375
  Unique groups in CV: 375
  Unique groups in CV: 375
[I 2024-10-15 10:00:52,560] Trial 4 finished with value: 0.8738951056271882 and parameters: {'lambda': 0.0047788310658577, 'alpha': 3.25514256249193, 'subsample': 0.4590081002998301, 'colsample_bytree': 0.6526645750030313, 'max_depth': 10, 'learning_rate': 0.1604164202069321, 'n_estimators': 70}. Best is trial 2 with value: 0.851564780745653.
  Unique groups in CV: 375
  Unique groups in CV: 375
  Unique groups in CV: 375
  Unique groups in CV: 375
[I 2024-10-15 10:00:59,647] Trial 5 finished with value: 0.8755910385147608 and parameters: {'lambda': 0.018283634209844524, 'alpha': 0.5571905096939267, 'subsample': 0.9007754031384237, 'colsample_bytree': 0.4109729664065151, 'max_depth': 8, 'learning_rate': 0.2966694655830419, 'n_estimators': 76}. Best is trial 2 with value: 0.851564780745653.
  Unique groups in CV: 375
  Unique groups in CV: 375
  Unique groups in CV: 375
  Unique groups in CV: 375
[I 2024-10-15 10:01:04,435] Trial 6 finished with value: 0.8584569439786841 and parameters: {'lambda': 0.013236585469415493, 'alpha': 1.4358772473434618, 'subsample': 0.4619356039465852, 'colsample_bytree': 0.6687361157055431, 'max_depth': 10, 'learning_rate': 0.08879063036373017, 'n_estimators': 31}. Best is trial 2 with value: 0.851564780745653.
  Unique groups in CV: 375
  Unique groups in CV: 375
  Unique groups in CV: 375
  Unique groups in CV: 375
[I 2024-10-15 10:01:05,253] Trial 7 finished with value: 0.9319924818736208 and parameters: {'lambda': 0.0033121827306255114, 'alpha': 0.0011952749874776889, 'subsample': 0.8073013197639346, 'colsample_bytree': 0.5269768696000354, 'max_depth': 4, 'learning_rate': 0.14798037462482114, 'n_estimators': 8}. Best is trial 2 with value: 0.851564780745653.
  Unique groups in CV: 375
  Unique groups in CV: 375
  Unique groups in CV: 375
  Unique groups in CV: 375
[I 2024-10-15 10:01:08,401] Trial 8 finished with value: 0.8566513350341198 and parameters: {'lambda': 0.19791122273579098, 'alpha': 0.0038629074184943235, 'subsample': 0.7535833221419705, 'colsample_bytree': 0.8198550160125587, 'max_depth': 2, 'learning_rate': 0.12480274035805092, 'n_estimators': 71}. Best is trial 2 with value: 0.851564780745653.
  Unique groups in CV: 375
  Unique groups in CV: 375
  Unique groups in CV: 375
  Unique groups in CV: 375
[I 2024-10-15 10:01:14,485] Trial 9 finished with value: 0.8539340089465302 and parameters: {'lambda': 0.04536459919009389, 'alpha': 0.0015842139594029103, 'subsample': 0.721537843549307, 'colsample_bytree': 0.7982767871318732, 'max_depth': 6, 'learning_rate': 0.28343383204125316, 'n_estimators': 60}. Best is trial 2 with value: 0.851564780745653.
  Unique groups in CV: 375
  Unique groups in CV: 375
  Unique groups in CV: 375
  Unique groups in CV: 375
[I 2024-10-15 10:01:18,098] Trial 10 finished with value: 0.849502803242244 and parameters: {'lambda': 0.0011057718797582434, 'alpha': 0.20010307919953207, 'subsample': 0.5718621995203722, 'colsample_bytree': 0.9925937090708492, 'max_depth': 5, 'learning_rate': 0.20177827775879079, 'n_estimators': 41}. Best is trial 10 with value: 0.849502803242244.
  Unique groups in CV: 375
  Unique groups in CV: 375
  Unique groups in CV: 375
  Unique groups in CV: 375
[I 2024-10-15 10:01:26,188] Trial 11 finished with value: 0.8523247149934448 and parameters: {'lambda': 0.0010814733120668885, 'alpha': 0.2534822782998158, 'subsample': 0.588632308496877, 'colsample_bytree': 0.9978831755987974, 'max_depth': 5, 'learning_rate': 0.21156819834826587, 'n_estimators': 100}. Best is trial 10 with value: 0.849502803242244.
  Unique groups in CV: 375
  Unique groups in CV: 375
  Unique groups in CV: 375
  Unique groups in CV: 375
[I 2024-10-15 10:01:29,280] Trial 12 finished with value: 0.8491811395565001 and parameters: {'lambda': 0.3077934779078749, 'alpha': 0.08222368634228075, 'subsample': 0.6018183354849301, 'colsample_bytree': 0.815228489461916, 'max_depth': 4, 'learning_rate': 0.2203910208904078, 'n_estimators': 41}. Best is trial 12 with value: 0.8491811395565001.
  Unique groups in CV: 375
  Unique groups in CV: 375
  Unique groups in CV: 375
  Unique groups in CV: 375
[I 2024-10-15 10:01:32,999] Trial 13 finished with value: 0.8498572553451889 and parameters: {'lambda': 0.36615369823831945, 'alpha': 0.10223219301098602, 'subsample': 0.5739295845801331, 'colsample_bytree': 0.9041672801316589, 'max_depth': 5, 'learning_rate': 0.22372830694370238, 'n_estimators': 43}. Best is trial 12 with value: 0.8491811395565001.
  Unique groups in CV: 375
  Unique groups in CV: 375
  Unique groups in CV: 375
  Unique groups in CV: 375
[I 2024-10-15 10:01:38,272] Trial 14 finished with value: 0.8514910994306673 and parameters: {'lambda': 1.1951871536634737, 'alpha': 7.519168398865189, 'subsample': 0.5675683483923714, 'colsample_bytree': 0.9976766651781257, 'max_depth': 7, 'learning_rate': 0.22432138579851008, 'n_estimators': 48}. Best is trial 12 with value: 0.8491811395565001.
  Unique groups in CV: 375
  Unique groups in CV: 375
  Unique groups in CV: 375
  Unique groups in CV: 375
[I 2024-10-15 10:01:41,262] Trial 15 finished with value: 0.8493863797218253 and parameters: {'lambda': 1.1920690091221233, 'alpha': 0.01594667584421569, 'subsample': 0.6398019277384468, 'colsample_bytree': 0.8774980827947395, 'max_depth': 5, 'learning_rate': 0.19269881238962028, 'n_estimators': 33}. Best is trial 12 with value: 0.8491811395565001.
  Unique groups in CV: 375
  Unique groups in CV: 375
  Unique groups in CV: 375
  Unique groups in CV: 375
[I 2024-10-15 10:01:43,149] Trial 16 finished with value: 0.8506075894307757 and parameters: {'lambda': 1.127170989608079, 'alpha': 0.012362656205405538, 'subsample': 0.6472732553238582, 'colsample_bytree': 0.8464465036487774, 'max_depth': 4, 'learning_rate': 0.25559575653098104, 'n_estimators': 23}. Best is trial 12 with value: 0.8491811395565001.
  Unique groups in CV: 375
  Unique groups in CV: 375
  Unique groups in CV: 375
  Unique groups in CV: 375
