[I 2024-10-10 16:22:05,090] A new study created in memory with name: no-name-c4b5681e-98f1-4288-b940-37f3d1a65d0a
  0%|          | 0/100 [00:00<?, ?it/s]                                         0%|          | 0/100 [00:01<?, ?it/s]Best trial: 0. Best value: 0.989692:   0%|          | 0/100 [00:01<?, ?it/s]Best trial: 0. Best value: 0.989692:   1%|          | 1/100 [00:01<02:03,  1.24s/it]                                                                                    Best trial: 0. Best value: 0.989692:   1%|          | 1/100 [00:09<02:03,  1.24s/it]Best trial: 1. Best value: 0.870971:   1%|          | 1/100 [00:09<02:03,  1.24s/it]Best trial: 1. Best value: 0.870971:   2%|▏         | 2/100 [00:09<08:28,  5.19s/it]                                                                                    Best trial: 1. Best value: 0.870971:   2%|▏         | 2/100 [00:14<08:28,  5.19s/it]Best trial: 2. Best value: 0.851565:   2%|▏         | 2/100 [00:14<08:28,  5.19s/it]Best trial: 2. Best value: 0.851565:   3%|▎         | 3/100 [00:14<08:23,  5.19s/it]                                                                                    Best trial: 2. Best value: 0.851565:   3%|▎         | 3/100 [00:15<08:23,  5.19s/it]Best trial: 2. Best value: 0.851565:   3%|▎         | 3/100 [00:15<08:23,  5.19s/it]Best trial: 2. Best value: 0.851565:   4%|▍         | 4/100 [00:15<05:56,  3.72s/it]                                                                                    Best trial: 2. Best value: 0.851565:   4%|▍         | 4/100 [00:24<05:56,  3.72s/it]Best trial: 2. Best value: 0.851565:   4%|▍         | 4/100 [00:24<05:56,  3.72s/it]Best trial: 2. Best value: 0.851565:   5%|▌         | 5/100 [00:24<08:51,  5.60s/it]                                                                                    Best trial: 2. Best value: 0.851565:   5%|▌         | 5/100 [00:34<08:51,  5.60s/it]Best trial: 2. Best value: 0.851565:   5%|▌         | 5/100 [00:34<08:51,  5.60s/it]Best trial: 2. Best value: 0.851565:   6%|▌         | 6/100 [00:34<10:59,  7.01s/it]                                                                                    Best trial: 2. Best value: 0.851565:   6%|▌         | 6/100 [00:41<10:59,  7.01s/it]Best trial: 2. Best value: 0.851565:   6%|▌         | 6/100 [00:41<10:59,  7.01s/it]Best trial: 2. Best value: 0.851565:   7%|▋         | 7/100 [00:41<10:37,  6.86s/it]                                                                                    Best trial: 2. Best value: 0.851565:   7%|▋         | 7/100 [00:42<10:37,  6.86s/it]Best trial: 2. Best value: 0.851565:   7%|▋         | 7/100 [00:42<10:37,  6.86s/it]Best trial: 2. Best value: 0.851565:   8%|▊         | 8/100 [00:42<07:55,  5.17s/it]                                                                                    Best trial: 2. Best value: 0.851565:   8%|▊         | 8/100 [00:46<07:55,  5.17s/it]Best trial: 2. Best value: 0.851565:   8%|▊         | 8/100 [00:46<07:55,  5.17s/it]Best trial: 2. Best value: 0.851565:   9%|▉         | 9/100 [00:46<07:16,  4.80s/it]                                                                                    Best trial: 2. Best value: 0.851565:   9%|▉         | 9/100 [00:54<07:16,  4.80s/it]Best trial: 2. Best value: 0.851565:   9%|▉         | 9/100 [00:54<07:16,  4.80s/it]Best trial: 2. Best value: 0.851565:  10%|█         | 10/100 [00:54<08:25,  5.62s/it]                                                                                     Best trial: 2. Best value: 0.851565:  10%|█         | 10/100 [00:58<08:25,  5.62s/it]Best trial: 10. Best value: 0.849503:  10%|█         | 10/100 [00:58<08:25,  5.62s/it]Best trial: 10. Best value: 0.849503:  11%|█         | 11/100 [00:58<07:46,  5.24s/it]                                                                                      Best trial: 10. Best value: 0.849503:  11%|█         | 11/100 [01:08<07:46,  5.24s/it]Best trial: 10. Best value: 0.849503:  11%|█         | 11/100 [01:08<07:46,  5.24s/it]Best trial: 10. Best value: 0.849503:  12%|█▏        | 12/100 [01:08<09:37,  6.57s/it]                                                                                      Best trial: 10. Best value: 0.849503:  12%|█▏        | 12/100 [01:11<09:37,  6.57s/it]Best trial: 12. Best value: 0.849181:  12%|█▏        | 12/100 [01:11<09:37,  6.57s/it]Best trial: 12. Best value: 0.849181:  13%|█▎        | 13/100 [01:11<08:16,  5.70s/it]                                                                                      Best trial: 12. Best value: 0.849181:  13%|█▎        | 13/100 [01:16<08:16,  5.70s/it]Best trial: 12. Best value: 0.849181:  13%|█▎        | 13/100 [01:16<08:16,  5.70s/it]Best trial: 12. Best value: 0.849181:  14%|█▍        | 14/100 [01:16<07:45,  5.41s/it]                                                                                      Best trial: 12. Best value: 0.849181:  14%|█▍        | 14/100 [01:23<07:45,  5.41s/it]Best trial: 12. Best value: 0.849181:  14%|█▍        | 14/100 [01:23<07:45,  5.41s/it]Best trial: 12. Best value: 0.849181:  15%|█▌        | 15/100 [01:23<08:11,  5.79s/it]                                                                                      Best trial: 12. Best value: 0.849181:  15%|█▌        | 15/100 [01:26<08:11,  5.79s/it]Best trial: 12. Best value: 0.849181:  15%|█▌        | 15/100 [01:26<08:11,  5.79s/it]Best trial: 12. Best value: 0.849181:  16%|█▌        | 16/100 [01:26<07:08,  5.10s/it]                                                                                      Best trial: 12. Best value: 0.849181:  16%|█▌        | 16/100 [01:28<07:08,  5.10s/it]Best trial: 12. Best value: 0.849181:  16%|█▌        | 16/100 [01:28<07:08,  5.10s/it]Best trial: 12. Best value: 0.849181:  17%|█▋        | 17/100 [01:28<05:51,  4.24s/it]                                                                                        Unique groups in CV: 375
  Unique groups in CV: 375
  Unique groups in CV: 375
  Unique groups in CV: 375
[I 2024-10-10 16:22:06,369] Trial 0 finished with value: 0.9896915522395692 and parameters: {'lambda': 0.04656804637919568, 'alpha': 0.7608481233714796, 'subsample': 0.40006862489040695, 'colsample_bytree': 0.5813995435791038, 'max_depth': 3, 'learning_rate': 0.02860923983587054, 'n_estimators': 21}. Best is trial 0 with value: 0.9896915522395692.
  Unique groups in CV: 375
  Unique groups in CV: 375
  Unique groups in CV: 375
  Unique groups in CV: 375
[I 2024-10-10 16:22:14,323] Trial 1 finished with value: 0.870971289542144 and parameters: {'lambda': 0.024112537061475744, 'alpha': 0.03864291653552653, 'subsample': 0.7232900404020142, 'colsample_bytree': 0.6515167086419769, 'max_depth': 8, 'learning_rate': 0.062131222669723714, 'n_estimators': 89}. Best is trial 1 with value: 0.870971289542144.
  Unique groups in CV: 375
  Unique groups in CV: 375
  Unique groups in CV: 375
  Unique groups in CV: 375
[I 2024-10-10 16:22:19,506] Trial 2 finished with value: 0.851564780745653 and parameters: {'lambda': 0.0012869165107815027, 'alpha': 0.4806954824961602, 'subsample': 0.6503828814202761, 'colsample_bytree': 0.735213897067451, 'max_depth': 3, 'learning_rate': 0.060232345236378756, 'n_estimators': 81}. Best is trial 2 with value: 0.851564780745653.
  Unique groups in CV: 375
  Unique groups in CV: 375
  Unique groups in CV: 375
  Unique groups in CV: 375
[I 2024-10-10 16:22:20,968] Trial 3 finished with value: 1.0545196142131483 and parameters: {'lambda': 7.465283462691555, 'alpha': 0.017934807211789795, 'subsample': 0.8153935694015885, 'colsample_bytree': 0.9258334913776229, 'max_depth': 10, 'learning_rate': 0.026428219199563594, 'n_estimators': 6}. Best is trial 2 with value: 0.851564780745653.
  Unique groups in CV: 375
  Unique groups in CV: 375
  Unique groups in CV: 375
  Unique groups in CV: 375
[I 2024-10-10 16:22:29,907] Trial 4 finished with value: 0.8738951056271882 and parameters: {'lambda': 0.0047788310658577, 'alpha': 3.25514256249193, 'subsample': 0.4590081002998301, 'colsample_bytree': 0.6526645750030313, 'max_depth': 10, 'learning_rate': 0.1604164202069321, 'n_estimators': 70}. Best is trial 2 with value: 0.851564780745653.
  Unique groups in CV: 375
  Unique groups in CV: 375
  Unique groups in CV: 375
  Unique groups in CV: 375
[I 2024-10-10 16:22:39,661] Trial 5 finished with value: 0.8755910385147608 and parameters: {'lambda': 0.018283634209844524, 'alpha': 0.5571905096939267, 'subsample': 0.9007754031384237, 'colsample_bytree': 0.4109729664065151, 'max_depth': 8, 'learning_rate': 0.2966694655830419, 'n_estimators': 76}. Best is trial 2 with value: 0.851564780745653.
  Unique groups in CV: 375
  Unique groups in CV: 375
  Unique groups in CV: 375
  Unique groups in CV: 375
[I 2024-10-10 16:22:46,194] Trial 6 finished with value: 0.8584569439786841 and parameters: {'lambda': 0.013236585469415493, 'alpha': 1.4358772473434618, 'subsample': 0.4619356039465852, 'colsample_bytree': 0.6687361157055431, 'max_depth': 10, 'learning_rate': 0.08879063036373017, 'n_estimators': 31}. Best is trial 2 with value: 0.851564780745653.
  Unique groups in CV: 375
  Unique groups in CV: 375
  Unique groups in CV: 375
  Unique groups in CV: 375
[I 2024-10-10 16:22:47,761] Trial 7 finished with value: 0.9319924818736208 and parameters: {'lambda': 0.0033121827306255114, 'alpha': 0.0011952749874776889, 'subsample': 0.8073013197639346, 'colsample_bytree': 0.5269768696000354, 'max_depth': 4, 'learning_rate': 0.14798037462482114, 'n_estimators': 8}. Best is trial 2 with value: 0.851564780745653.
  Unique groups in CV: 375
  Unique groups in CV: 375
  Unique groups in CV: 375
  Unique groups in CV: 375
[I 2024-10-10 16:22:51,740] Trial 8 finished with value: 0.8566513350341198 and parameters: {'lambda': 0.19791122273579098, 'alpha': 0.0038629074184943235, 'subsample': 0.7535833221419705, 'colsample_bytree': 0.8198550160125587, 'max_depth': 2, 'learning_rate': 0.12480274035805092, 'n_estimators': 71}. Best is trial 2 with value: 0.851564780745653.
  Unique groups in CV: 375
  Unique groups in CV: 375
  Unique groups in CV: 375
  Unique groups in CV: 375
[I 2024-10-10 16:22:59,200] Trial 9 finished with value: 0.8539340089465302 and parameters: {'lambda': 0.04536459919009389, 'alpha': 0.0015842139594029103, 'subsample': 0.721537843549307, 'colsample_bytree': 0.7982767871318732, 'max_depth': 6, 'learning_rate': 0.28343383204125316, 'n_estimators': 60}. Best is trial 2 with value: 0.851564780745653.
  Unique groups in CV: 375
  Unique groups in CV: 375
  Unique groups in CV: 375
  Unique groups in CV: 375
[I 2024-10-10 16:23:03,575] Trial 10 finished with value: 0.849502803242244 and parameters: {'lambda': 0.0011057718797582434, 'alpha': 0.20010307919953207, 'subsample': 0.5718621995203722, 'colsample_bytree': 0.9925937090708492, 'max_depth': 5, 'learning_rate': 0.20177827775879079, 'n_estimators': 41}. Best is trial 10 with value: 0.849502803242244.
  Unique groups in CV: 375
  Unique groups in CV: 375
  Unique groups in CV: 375
  Unique groups in CV: 375
[I 2024-10-10 16:23:13,177] Trial 11 finished with value: 0.8523247149934448 and parameters: {'lambda': 0.0010814733120668885, 'alpha': 0.2534822782998158, 'subsample': 0.588632308496877, 'colsample_bytree': 0.9978831755987974, 'max_depth': 5, 'learning_rate': 0.21156819834826587, 'n_estimators': 100}. Best is trial 10 with value: 0.849502803242244.
  Unique groups in CV: 375
  Unique groups in CV: 375
  Unique groups in CV: 375
  Unique groups in CV: 375
[I 2024-10-10 16:23:16,891] Trial 12 finished with value: 0.8491811395565001 and parameters: {'lambda': 0.3077934779078749, 'alpha': 0.08222368634228075, 'subsample': 0.6018183354849301, 'colsample_bytree': 0.815228489461916, 'max_depth': 4, 'learning_rate': 0.2203910208904078, 'n_estimators': 41}. Best is trial 12 with value: 0.8491811395565001.
  Unique groups in CV: 375
  Unique groups in CV: 375
  Unique groups in CV: 375
  Unique groups in CV: 375
[I 2024-10-10 16:23:21,632] Trial 13 finished with value: 0.8498572553451889 and parameters: {'lambda': 0.36615369823831945, 'alpha': 0.10223219301098602, 'subsample': 0.5739295845801331, 'colsample_bytree': 0.9041672801316589, 'max_depth': 5, 'learning_rate': 0.22372830694370238, 'n_estimators': 43}. Best is trial 12 with value: 0.8491811395565001.
  Unique groups in CV: 375
  Unique groups in CV: 375
  Unique groups in CV: 375
  Unique groups in CV: 375
[I 2024-10-10 16:23:28,284] Trial 14 finished with value: 0.8514910994306673 and parameters: {'lambda': 1.1951871536634737, 'alpha': 7.519168398865189, 'subsample': 0.5675683483923714, 'colsample_bytree': 0.9976766651781257, 'max_depth': 7, 'learning_rate': 0.22432138579851008, 'n_estimators': 48}. Best is trial 12 with value: 0.8491811395565001.
  Unique groups in CV: 375
  Unique groups in CV: 375
  Unique groups in CV: 375
  Unique groups in CV: 375
[I 2024-10-10 16:23:31,789] Trial 15 finished with value: 0.8493863797218253 and parameters: {'lambda': 1.1920690091221233, 'alpha': 0.01594667584421569, 'subsample': 0.6398019277384468, 'colsample_bytree': 0.8774980827947395, 'max_depth': 5, 'learning_rate': 0.19269881238962028, 'n_estimators': 33}. Best is trial 12 with value: 0.8491811395565001.
  Unique groups in CV: 375
  Unique groups in CV: 375
  Unique groups in CV: 375
  Unique groups in CV: 375
[I 2024-10-10 16:23:34,017] Trial 16 finished with value: 0.8506075894307757 and parameters: {'lambda': 1.127170989608079, 'alpha': 0.012362656205405538, 'subsample': 0.6472732553238582, 'colsample_bytree': 0.8464465036487774, 'max_depth': 4, 'learning_rate': 0.25559575653098104, 'n_estimators': 23}. Best is trial 12 with value: 0.8491811395565001.
  Unique groups in CV: 375
  Unique groups in CV: 375
  Unique groups in CV: 375
  Unique groups in CV: 375
Best trial: 12. Best value: 0.849181:  17%|█▋        | 17/100 [01:31<05:51,  4.24s/it]Best trial: 12. Best value: 0.849181:  17%|█▋        | 17/100 [01:31<05:51,  4.24s/it]Best trial: 12. Best value: 0.849181:  18%|█▊        | 18/100 [01:31<05:11,  3.80s/it]                                                                                      Best trial: 12. Best value: 0.849181:  18%|█▊        | 18/100 [01:35<05:11,  3.80s/it]Best trial: 12. Best value: 0.849181:  18%|█▊        | 18/100 [01:35<05:11,  3.80s/it]Best trial: 12. Best value: 0.849181:  19%|█▉        | 19/100 [01:35<05:07,  3.79s/it]                                                                                      Best trial: 12. Best value: 0.849181:  19%|█▉        | 19/100 [01:38<05:07,  3.79s/it]Best trial: 12. Best value: 0.849181:  19%|█▉        | 19/100 [01:38<05:07,  3.79s/it]Best trial: 12. Best value: 0.849181:  20%|██        | 20/100 [01:38<04:50,  3.63s/it]                                                                                      Best trial: 12. Best value: 0.849181:  20%|██        | 20/100 [01:41<04:50,  3.63s/it]Best trial: 12. Best value: 0.849181:  20%|██        | 20/100 [01:41<04:50,  3.63s/it]Best trial: 12. Best value: 0.849181:  21%|██        | 21/100 [01:41<04:26,  3.38s/it]                                                                                      Best trial: 12. Best value: 0.849181:  21%|██        | 21/100 [01:46<04:26,  3.38s/it]Best trial: 12. Best value: 0.849181:  21%|██        | 21/100 [01:46<04:26,  3.38s/it]Best trial: 12. Best value: 0.849181:  22%|██▏       | 22/100 [01:46<04:53,  3.76s/it]                                                                                      Best trial: 12. Best value: 0.849181:  22%|██▏       | 22/100 [01:52<04:53,  3.76s/it]Best trial: 12. Best value: 0.849181:  22%|██▏       | 22/100 [01:52<04:53,  3.76s/it]Best trial: 12. Best value: 0.849181:  23%|██▎       | 23/100 [01:52<05:49,  4.54s/it]                                                                                      Best trial: 12. Best value: 0.849181:  23%|██▎       | 23/100 [01:55<05:49,  4.54s/it]Best trial: 12. Best value: 0.849181:  23%|██▎       | 23/100 [01:55<05:49,  4.54s/it]Best trial: 12. Best value: 0.849181:  24%|██▍       | 24/100 [01:55<05:17,  4.18s/it]                                                                                      Best trial: 12. Best value: 0.849181:  24%|██▍       | 24/100 [01:58<05:17,  4.18s/it]Best trial: 12. Best value: 0.849181:  24%|██▍       | 24/100 [01:58<05:17,  4.18s/it]Best trial: 12. Best value: 0.849181:  25%|██▌       | 25/100 [01:58<04:38,  3.72s/it]                                                                                      Best trial: 12. Best value: 0.849181:  25%|██▌       | 25/100 [02:00<04:38,  3.72s/it]Best trial: 12. Best value: 0.849181:  25%|██▌       | 25/100 [02:00<04:38,  3.72s/it]Best trial: 12. Best value: 0.849181:  26%|██▌       | 26/100 [02:00<04:02,  3.28s/it]                                                                                      Best trial: 12. Best value: 0.849181:  26%|██▌       | 26/100 [02:05<04:02,  3.28s/it]Best trial: 12. Best value: 0.849181:  26%|██▌       | 26/100 [02:05<04:02,  3.28s/it]Best trial: 12. Best value: 0.849181:  27%|██▋       | 27/100 [02:05<04:35,  3.77s/it]                                                                                      Best trial: 12. Best value: 0.849181:  27%|██▋       | 27/100 [02:08<04:35,  3.77s/it]Best trial: 12. Best value: 0.849181:  27%|██▋       | 27/100 [02:08<04:35,  3.77s/it]Best trial: 12. Best value: 0.849181:  28%|██▊       | 28/100 [02:08<04:17,  3.58s/it]                                                                                      Best trial: 12. Best value: 0.849181:  28%|██▊       | 28/100 [02:11<04:17,  3.58s/it]Best trial: 12. Best value: 0.849181:  28%|██▊       | 28/100 [02:11<04:17,  3.58s/it]Best trial: 12. Best value: 0.849181:  29%|██▉       | 29/100 [02:11<03:54,  3.30s/it]                                                                                      Best trial: 12. Best value: 0.849181:  29%|██▉       | 29/100 [02:14<03:54,  3.30s/it]Best trial: 12. Best value: 0.849181:  29%|██▉       | 29/100 [02:14<03:54,  3.30s/it]Best trial: 12. Best value: 0.849181:  30%|███       | 30/100 [02:14<03:56,  3.38s/it]                                                                                      Best trial: 12. Best value: 0.849181:  30%|███       | 30/100 [02:16<03:56,  3.38s/it]Best trial: 12. Best value: 0.849181:  30%|███       | 30/100 [02:16<03:56,  3.38s/it]Best trial: 12. Best value: 0.849181:  31%|███       | 31/100 [02:16<03:23,  2.94s/it]                                                                                      Best trial: 12. Best value: 0.849181:  31%|███       | 31/100 [02:19<03:23,  2.94s/it]Best trial: 12. Best value: 0.849181:  31%|███       | 31/100 [02:19<03:23,  2.94s/it]Best trial: 12. Best value: 0.849181:  32%|███▏      | 32/100 [02:19<03:21,  2.96s/it]                                                                                      Best trial: 12. Best value: 0.849181:  32%|███▏      | 32/100 [02:22<03:21,  2.96s/it]Best trial: 12. Best value: 0.849181:  32%|███▏      | 32/100 [02:22<03:21,  2.96s/it]Best trial: 12. Best value: 0.849181:  33%|███▎      | 33/100 [02:22<03:11,  2.86s/it]                                                                                      Best trial: 12. Best value: 0.849181:  33%|███▎      | 33/100 [02:27<03:11,  2.86s/it]Best trial: 12. Best value: 0.849181:  33%|███▎      | 33/100 [02:27<03:11,  2.86s/it]Best trial: 12. Best value: 0.849181:  34%|███▍      | 34/100 [02:27<03:44,  3.40s/it]                                                                                      Best trial: 12. Best value: 0.849181:  34%|███▍      | 34/100 [02:31<03:44,  3.40s/it]Best trial: 34. Best value: 0.848955:  34%|███▍      | 34/100 [02:31<03:44,  3.40s/it]Best trial: 34. Best value: 0.848955:  35%|███▌      | 35/100 [02:31<04:05,  3.78s/it][I 2024-10-10 16:23:36,809] Trial 17 finished with value: 0.8562295917747708 and parameters: {'lambda': 8.991349805319151, 'alpha': 0.042521277967033054, 'subsample': 0.49785549043311766, 'colsample_bytree': 0.7479241892600101, 'max_depth': 2, 'learning_rate': 0.18068354848245605, 'n_estimators': 55}. Best is trial 12 with value: 0.8491811395565001.
  Unique groups in CV: 375
  Unique groups in CV: 375
  Unique groups in CV: 375
  Unique groups in CV: 375
[I 2024-10-10 16:23:40,574] Trial 18 finished with value: 0.8504177458084846 and parameters: {'lambda': 1.729501856579257, 'alpha': 0.006766472491620508, 'subsample': 0.9286892021417427, 'colsample_bytree': 0.8885625706267151, 'max_depth': 6, 'learning_rate': 0.2501899415566714, 'n_estimators': 29}. Best is trial 12 with value: 0.8491811395565001.
  Unique groups in CV: 375
  Unique groups in CV: 375
  Unique groups in CV: 375
  Unique groups in CV: 375
[I 2024-10-10 16:23:43,840] Trial 19 finished with value: 0.8496438008606314 and parameters: {'lambda': 0.2868256357583114, 'alpha': 0.05021512076883712, 'subsample': 0.6534961244893153, 'colsample_bytree': 0.7823624850861323, 'max_depth': 4, 'learning_rate': 0.17855754090721582, 'n_estimators': 37}. Best is trial 12 with value: 0.8491811395565001.
  Unique groups in CV: 375
  Unique groups in CV: 375
  Unique groups in CV: 375
  Unique groups in CV: 375
[I 2024-10-10 16:23:46,616] Trial 20 finished with value: 0.8628320620990965 and parameters: {'lambda': 2.704618355708936, 'alpha': 0.0032742299229667655, 'subsample': 0.7885473979962738, 'colsample_bytree': 0.8686844635255788, 'max_depth': 7, 'learning_rate': 0.1140412031729681, 'n_estimators': 17}. Best is trial 12 with value: 0.8491811395565001.
  Unique groups in CV: 375
  Unique groups in CV: 375
  Unique groups in CV: 375
  Unique groups in CV: 375
