[I 2024-10-15 10:02:53,229] Trial 38 finished with value: 1.0642116848428342 and parameters: {'lambda': 0.0024244480777212384, 'alpha': 0.5853483667639133, 'subsample': 0.5163465247776202, 'colsample_bytree': 0.5528789183863085, 'max_depth': 3, 'learning_rate': 0.0038899838837162665, 'n_estimators': 47}. Best is trial 34 with value: 0.8489552747540444.
  Unique groups in CV: 375
  Unique groups in CV: 375
  Unique groups in CV: 375
  Unique groups in CV: 375
[I 2024-10-15 10:02:57,569] Trial 39 finished with value: 0.8728929296483227 and parameters: {'lambda': 0.03247013071619124, 'alpha': 0.1574009405662895, 'subsample': 0.7214897715880285, 'colsample_bytree': 0.6482377964648967, 'max_depth': 4, 'learning_rate': 0.049607359166956355, 'n_estimators': 84}. Best is trial 34 with value: 0.8489552747540444.
  Unique groups in CV: 375
  Unique groups in CV: 375
  Unique groups in CV: 375
  Unique groups in CV: 375
[I 2024-10-15 10:03:06,285] Trial 40 finished with value: 0.8587301556771143 and parameters: {'lambda': 0.06010671162882705, 'alpha': 0.3768415000967937, 'subsample': 0.5422459015039737, 'colsample_bytree': 0.7256579844752387, 'max_depth': 9, 'learning_rate': 0.1409171055712707, 'n_estimators': 68}. Best is trial 34 with value: 0.8489552747540444.
  Unique groups in CV: 375
  Unique groups in CV: 375
  Unique groups in CV: 375
  Unique groups in CV: 375
[I 2024-10-15 10:03:09,059] Trial 41 finished with value: 0.8707080316174521 and parameters: {'lambda': 0.0014628440653652469, 'alpha': 0.18005993628843162, 'subsample': 0.5950428852354169, 'colsample_bytree': 0.6491358413858164, 'max_depth': 5, 'learning_rate': 0.11083192877277173, 'n_estimators': 44}. Best is trial 34 with value: 0.8489552747540444.
  Unique groups in CV: 375
  Unique groups in CV: 375
  Unique groups in CV: 375
  Unique groups in CV: 375
[I 2024-10-15 10:03:12,057] Trial 42 finished with value: 0.8500799682009974 and parameters: {'lambda': 0.021852046647898252, 'alpha': 0.0800787277668316, 'subsample': 0.6377418023716562, 'colsample_bytree': 0.759062050940517, 'max_depth': 5, 'learning_rate': 0.1598844167947702, 'n_estimators': 34}. Best is trial 34 with value: 0.8489552747540444.
  Unique groups in CV: 375
  Unique groups in CV: 375
  Unique groups in CV: 375
  Unique groups in CV: 375
[I 2024-10-15 10:03:15,078] Trial 43 finished with value: 0.858198888659732 and parameters: {'lambda': 0.0020969266235658646, 'alpha': 0.03132194271294237, 'subsample': 0.4925849192719973, 'colsample_bytree': 0.823727645821084, 'max_depth': 7, 'learning_rate': 0.09332007118090023, 'n_estimators': 26}. Best is trial 34 with value: 0.8489552747540444.
  Unique groups in CV: 375
  Unique groups in CV: 375
  Unique groups in CV: 375
  Unique groups in CV: 375
[I 2024-10-15 10:03:19,025] Trial 44 finished with value: 0.8697022363790539 and parameters: {'lambda': 0.009134544962697428, 'alpha': 0.3239163966039878, 'subsample': 0.580355937040805, 'colsample_bytree': 0.43342287499958937, 'max_depth': 6, 'learning_rate': 0.21505670884055678, 'n_estimators': 57}. Best is trial 34 with value: 0.8489552747540444.
  Unique groups in CV: 375
  Unique groups in CV: 375
  Unique groups in CV: 375
  Unique groups in CV: 375
[I 2024-10-15 10:03:22,118] Trial 45 finished with value: 0.869360129414832 and parameters: {'lambda': 0.0045820327389934044, 'alpha': 0.11277313986701117, 'subsample': 0.5547868961460275, 'colsample_bytree': 0.6266423644982237, 'max_depth': 5, 'learning_rate': 0.12558731778342877, 'n_estimators': 46}. Best is trial 34 with value: 0.8489552747540444.
  Unique groups in CV: 375
  Unique groups in CV: 375
  Unique groups in CV: 375
  Unique groups in CV: 375
[I 2024-10-15 10:03:25,682] Trial 46 finished with value: 0.8489474768515212 and parameters: {'lambda': 0.14032519183572814, 'alpha': 0.0044745309481205135, 'subsample': 0.6740817358453021, 'colsample_bytree': 0.7061825275638003, 'max_depth': 4, 'learning_rate': 0.1658393205078727, 'n_estimators': 51}. Best is trial 46 with value: 0.8489474768515212.
  Unique groups in CV: 375
  Unique groups in CV: 375
  Unique groups in CV: 375
  Unique groups in CV: 375
[I 2024-10-15 10:03:30,802] Trial 47 finished with value: 0.8483392134070182 and parameters: {'lambda': 0.12747858416470836, 'alpha': 0.0028669636870499097, 'subsample': 0.7722093371305793, 'colsample_bytree': 0.6959040770482339, 'max_depth': 4, 'learning_rate': 0.1308394301725256, 'n_estimators': 75}. Best is trial 47 with value: 0.8483392134070182.
  Unique groups in CV: 375
  Unique groups in CV: 375
  Unique groups in CV: 375
  Unique groups in CV: 375
[I 2024-10-15 10:03:34,624] Trial 48 finished with value: 0.8582011982118267 and parameters: {'lambda': 0.06662158355514353, 'alpha': 0.0022202001911895614, 'subsample': 0.8506487781565548, 'colsample_bytree': 0.6887211666337254, 'max_depth': 2, 'learning_rate': 0.07885212373748385, 'n_estimators': 95}. Best is trial 47 with value: 0.8483392134070182.
  Unique groups in CV: 375
  Unique groups in CV: 375
  Unique groups in CV: 375
  Unique groups in CV: 375
[I 2024-10-15 10:03:39,687] Trial 49 finished with value: 0.8479551493490314 and parameters: {'lambda': 0.13544951561665153, 'alpha': 0.0010181835507502832, 'subsample': 0.7885676744065945, 'colsample_bytree': 0.7090337807050557, 'max_depth': 4, 'learning_rate': 0.12136026483574651, 'n_estimators': 75}. Best is trial 49 with value: 0.8479551493490314.
  Unique groups in CV: 375
  Unique groups in CV: 375
  Unique groups in CV: 375
  Unique groups in CV: 375
[I 2024-10-15 10:03:43,764] Trial 50 finished with value: 0.86725565780013 and parameters: {'lambda': 0.15176063235989778, 'alpha': 0.0011703098961199955, 'subsample': 0.7823819133354052, 'colsample_bytree': 0.5522997420393828, 'max_depth': 4, 'learning_rate': 0.1262604010265026, 'n_estimators': 77}. Best is trial 49 with value: 0.8479551493490314.
  Unique groups in CV: 375
  Unique groups in CV: 375
  Unique groups in CV: 375
  Unique groups in CV: 375
[I 2024-10-15 10:03:49,457] Trial 51 finished with value: 0.8481488238100416 and parameters: {'lambda': 0.015579350723553795, 'alpha': 0.001899665458787777, 'subsample': 0.8434567813866429, 'colsample_bytree': 0.7056380012469836, 'max_depth': 4, 'learning_rate': 0.10796917445035736, 'n_estimators': 85}. Best is trial 49 with value: 0.8479551493490314.
  Unique groups in CV: 375
  Unique groups in CV: 375
  Unique groups in CV: 375
  Unique groups in CV: 375
Best trial: 49. Best value: 0.847955:  52%|█████▏    | 52/100 [03:26<03:44,  4.67s/it]Best trial: 49. Best value: 0.847955:  52%|█████▏    | 52/100 [03:26<03:44,  4.67s/it]Best trial: 49. Best value: 0.847955:  53%|█████▎    | 53/100 [03:26<03:20,  4.26s/it]                                                                                      Best trial: 49. Best value: 0.847955:  53%|█████▎    | 53/100 [03:31<03:20,  4.26s/it]Best trial: 49. Best value: 0.847955:  53%|█████▎    | 53/100 [03:31<03:20,  4.26s/it]Best trial: 49. Best value: 0.847955:  54%|█████▍    | 54/100 [03:31<03:37,  4.72s/it]                                                                                      Best trial: 49. Best value: 0.847955:  54%|█████▍    | 54/100 [03:37<03:37,  4.72s/it]Best trial: 49. Best value: 0.847955:  54%|█████▍    | 54/100 [03:37<03:37,  4.72s/it]Best trial: 49. Best value: 0.847955:  55%|█████▌    | 55/100 [03:37<03:49,  5.10s/it]                                                                                      Best trial: 49. Best value: 0.847955:  55%|█████▌    | 55/100 [03:41<03:49,  5.10s/it]Best trial: 49. Best value: 0.847955:  55%|█████▌    | 55/100 [03:41<03:49,  5.10s/it]Best trial: 49. Best value: 0.847955:  56%|█████▌    | 56/100 [03:41<03:24,  4.64s/it]                                                                                      Best trial: 49. Best value: 0.847955:  56%|█████▌    | 56/100 [03:45<03:24,  4.64s/it]Best trial: 49. Best value: 0.847955:  56%|█████▌    | 56/100 [03:45<03:24,  4.64s/it]Best trial: 49. Best value: 0.847955:  57%|█████▋    | 57/100 [03:45<03:14,  4.53s/it]                                                                                      Best trial: 49. Best value: 0.847955:  57%|█████▋    | 57/100 [03:50<03:14,  4.53s/it]Best trial: 49. Best value: 0.847955:  57%|█████▋    | 57/100 [03:50<03:14,  4.53s/it]Best trial: 49. Best value: 0.847955:  58%|█████▊    | 58/100 [03:50<03:16,  4.68s/it]                                                                                      Best trial: 49. Best value: 0.847955:  58%|█████▊    | 58/100 [03:55<03:16,  4.68s/it]Best trial: 49. Best value: 0.847955:  58%|█████▊    | 58/100 [03:55<03:16,  4.68s/it]Best trial: 49. Best value: 0.847955:  59%|█████▉    | 59/100 [03:55<03:16,  4.79s/it]                                                                                      Best trial: 49. Best value: 0.847955:  59%|█████▉    | 59/100 [04:00<03:16,  4.79s/it]Best trial: 49. Best value: 0.847955:  59%|█████▉    | 59/100 [04:00<03:16,  4.79s/it]Best trial: 49. Best value: 0.847955:  60%|██████    | 60/100 [04:00<03:12,  4.82s/it]                                                                                      Best trial: 49. Best value: 0.847955:  60%|██████    | 60/100 [04:03<03:12,  4.82s/it]Best trial: 49. Best value: 0.847955:  60%|██████    | 60/100 [04:03<03:12,  4.82s/it]Best trial: 49. Best value: 0.847955:  61%|██████    | 61/100 [04:03<02:50,  4.36s/it]                                                                                      Best trial: 49. Best value: 0.847955:  61%|██████    | 61/100 [04:09<02:50,  4.36s/it]Best trial: 49. Best value: 0.847955:  61%|██████    | 61/100 [04:09<02:50,  4.36s/it]Best trial: 49. Best value: 0.847955:  62%|██████▏   | 62/100 [04:09<02:55,  4.62s/it]                                                                                      Best trial: 49. Best value: 0.847955:  62%|██████▏   | 62/100 [04:14<02:55,  4.62s/it]Best trial: 49. Best value: 0.847955:  62%|██████▏   | 62/100 [04:14<02:55,  4.62s/it]Best trial: 49. Best value: 0.847955:  63%|██████▎   | 63/100 [04:14<03:03,  4.96s/it]                                                                                      Best trial: 49. Best value: 0.847955:  63%|██████▎   | 63/100 [04:20<03:03,  4.96s/it]Best trial: 49. Best value: 0.847955:  63%|██████▎   | 63/100 [04:20<03:03,  4.96s/it]Best trial: 49. Best value: 0.847955:  64%|██████▍   | 64/100 [04:20<03:08,  5.23s/it]                                                                                      Best trial: 49. Best value: 0.847955:  64%|██████▍   | 64/100 [04:27<03:08,  5.23s/it]Best trial: 49. Best value: 0.847955:  64%|██████▍   | 64/100 [04:27<03:08,  5.23s/it]Best trial: 49. Best value: 0.847955:  65%|██████▌   | 65/100 [04:27<03:19,  5.69s/it]                                                                                      Best trial: 49. Best value: 0.847955:  65%|██████▌   | 65/100 [04:33<03:19,  5.69s/it]Best trial: 49. Best value: 0.847955:  65%|██████▌   | 65/100 [04:33<03:19,  5.69s/it]Best trial: 49. Best value: 0.847955:  66%|██████▌   | 66/100 [04:33<03:17,  5.81s/it]                                                                                      Best trial: 49. Best value: 0.847955:  66%|██████▌   | 66/100 [04:39<03:17,  5.81s/it]Best trial: 49. Best value: 0.847955:  66%|██████▌   | 66/100 [04:39<03:17,  5.81s/it]Best trial: 49. Best value: 0.847955:  67%|██████▋   | 67/100 [04:39<03:13,  5.86s/it]                                                                                      Best trial: 49. Best value: 0.847955:  67%|██████▋   | 67/100 [04:44<03:13,  5.86s/it]Best trial: 49. Best value: 0.847955:  67%|██████▋   | 67/100 [04:44<03:13,  5.86s/it]Best trial: 49. Best value: 0.847955:  68%|██████▊   | 68/100 [04:44<02:55,  5.47s/it]                                                                                      Best trial: 49. Best value: 0.847955:  68%|██████▊   | 68/100 [04:50<02:55,  5.47s/it]Best trial: 49. Best value: 0.847955:  68%|██████▊   | 68/100 [04:50<02:55,  5.47s/it]Best trial: 49. Best value: 0.847955:  69%|██████▉   | 69/100 [04:50<02:58,  5.74s/it]                                                                                      [I 2024-10-15 10:03:52,754] Trial 52 finished with value: 0.8675731928244186 and parameters: {'lambda': 0.3615278789420508, 'alpha': 0.00196017716619486, 'subsample': 0.8266947600409137, 'colsample_bytree': 0.6622817793117677, 'max_depth': 3, 'learning_rate': 0.14215793709368693, 'n_estimators': 75}. Best is trial 49 with value: 0.8479551493490314.
  Unique groups in CV: 375
  Unique groups in CV: 375
  Unique groups in CV: 375
  Unique groups in CV: 375
[I 2024-10-15 10:03:58,558] Trial 53 finished with value: 0.848117721198477 and parameters: {'lambda': 0.12127019628425284, 'alpha': 0.00421867200839713, 'subsample': 0.8869221589974922, 'colsample_bytree': 0.6885801610802421, 'max_depth': 4, 'learning_rate': 0.11813824835224843, 'n_estimators': 86}. Best is trial 49 with value: 0.8479551493490314.
  Unique groups in CV: 375
  Unique groups in CV: 375
  Unique groups in CV: 375
  Unique groups in CV: 375
[I 2024-10-15 10:04:04,532] Trial 54 finished with value: 0.8483191001767822 and parameters: {'lambda': 0.016817620074320628, 'alpha': 0.004531163041105292, 'subsample': 0.8666172903386734, 'colsample_bytree': 0.7043711951792253, 'max_depth': 4, 'learning_rate': 0.11940296736220665, 'n_estimators': 85}. Best is trial 49 with value: 0.8479551493490314.
  Unique groups in CV: 375
  Unique groups in CV: 375
  Unique groups in CV: 375
  Unique groups in CV: 375
[I 2024-10-15 10:04:08,099] Trial 55 finished with value: 0.8572025025333453 and parameters: {'lambda': 0.018458691944582155, 'alpha': 0.005808004493171922, 'subsample': 0.8641905311553949, 'colsample_bytree': 0.7065182974225241, 'max_depth': 2, 'learning_rate': 0.09369996674297298, 'n_estimators': 88}. Best is trial 49 with value: 0.8479551493490314.
  Unique groups in CV: 375
  Unique groups in CV: 375
  Unique groups in CV: 375
  Unique groups in CV: 375
[I 2024-10-15 10:04:12,390] Trial 56 finished with value: 0.8671805019553694 and parameters: {'lambda': 0.11725857969591179, 'alpha': 0.004184182680873883, 'subsample': 0.9246915411878276, 'colsample_bytree': 0.6284655026462183, 'max_depth': 4, 'learning_rate': 0.13020685545396746, 'n_estimators': 83}. Best is trial 49 with value: 0.8479551493490314.
  Unique groups in CV: 375
  Unique groups in CV: 375
  Unique groups in CV: 375
  Unique groups in CV: 375
[I 2024-10-15 10:04:17,405] Trial 57 finished with value: 0.848554102418137 and parameters: {'lambda': 0.029572605621343586, 'alpha': 0.0027334306111379287, 'subsample': 0.8798110079226998, 'colsample_bytree': 0.7392553406990879, 'max_depth': 3, 'learning_rate': 0.1506730699302053, 'n_estimators': 93}. Best is trial 49 with value: 0.8479551493490314.
  Unique groups in CV: 375
  Unique groups in CV: 375
  Unique groups in CV: 375
  Unique groups in CV: 375
[I 2024-10-15 10:04:22,453] Trial 58 finished with value: 0.8487603935942856 and parameters: {'lambda': 0.027782366405179365, 'alpha': 0.0028273601945472343, 'subsample': 0.8793823125872107, 'colsample_bytree': 0.7496323996790185, 'max_depth': 3, 'learning_rate': 0.1507086719606433, 'n_estimators': 94}. Best is trial 49 with value: 0.8479551493490314.
  Unique groups in CV: 375
  Unique groups in CV: 375
  Unique groups in CV: 375
  Unique groups in CV: 375
[I 2024-10-15 10:04:27,355] Trial 59 finished with value: 0.8503399990599786 and parameters: {'lambda': 0.06966432011924235, 'alpha': 0.0015911800786010395, 'subsample': 0.9095503370093515, 'colsample_bytree': 0.6728280614241541, 'max_depth': 3, 'learning_rate': 0.06750747575026679, 'n_estimators': 89}. Best is trial 49 with value: 0.8479551493490314.
  Unique groups in CV: 375
  Unique groups in CV: 375
  Unique groups in CV: 375
  Unique groups in CV: 375
[I 2024-10-15 10:04:30,642] Trial 60 finished with value: 0.8560616793221573 and parameters: {'lambda': 0.013609915249365044, 'alpha': 0.0011487782731873866, 'subsample': 0.966291189565, 'colsample_bytree': 0.776619180190196, 'max_depth': 2, 'learning_rate': 0.11853112653528042, 'n_estimators': 79}. Best is trial 49 with value: 0.8479551493490314.
  Unique groups in CV: 375
  Unique groups in CV: 375
  Unique groups in CV: 375
  Unique groups in CV: 375
[I 2024-10-15 10:04:35,860] Trial 61 finished with value: 0.8487122962008262 and parameters: {'lambda': 0.028024524171903854, 'alpha': 0.0027737653782604864, 'subsample': 0.8766665080113087, 'colsample_bytree': 0.7480812207390088, 'max_depth': 3, 'learning_rate': 0.15436400892870547, 'n_estimators': 96}. Best is trial 49 with value: 0.8479551493490314.
  Unique groups in CV: 375
  Unique groups in CV: 375
  Unique groups in CV: 375
  Unique groups in CV: 375
[I 2024-10-15 10:04:41,624] Trial 62 finished with value: 0.8485403233286594 and parameters: {'lambda': 0.014353965518989388, 'alpha': 0.002590745849506596, 'subsample': 0.8391149837487395, 'colsample_bytree': 0.7362965933830835, 'max_depth': 3, 'learning_rate': 0.14074920218258083, 'n_estimators': 98}. Best is trial 49 with value: 0.8479551493490314.
  Unique groups in CV: 375
  Unique groups in CV: 375
  Unique groups in CV: 375
  Unique groups in CV: 375
[I 2024-10-15 10:04:47,489] Trial 63 finished with value: 0.8481662814583183 and parameters: {'lambda': 0.014959050819660378, 'alpha': 0.0015516624975757073, 'subsample': 0.8220993778078103, 'colsample_bytree': 0.7357790575360613, 'max_depth': 4, 'learning_rate': 0.0994930835365232, 'n_estimators': 85}. Best is trial 49 with value: 0.8479551493490314.
  Unique groups in CV: 375
  Unique groups in CV: 375
  Unique groups in CV: 375
  Unique groups in CV: 375
[I 2024-10-15 10:04:54,231] Trial 64 finished with value: 0.8482285820648745 and parameters: {'lambda': 0.006144855135245578, 'alpha': 0.001510041347088865, 'subsample': 0.8183721037026928, 'colsample_bytree': 0.7251548534131689, 'max_depth': 4, 'learning_rate': 0.10057085364677726, 'n_estimators': 100}. Best is trial 49 with value: 0.8479551493490314.
  Unique groups in CV: 375
  Unique groups in CV: 375
  Unique groups in CV: 375
  Unique groups in CV: 375
[I 2024-10-15 10:05:00,335] Trial 65 finished with value: 0.8482257777596369 and parameters: {'lambda': 0.006506251899331529, 'alpha': 0.0015914982214375389, 'subsample': 0.8079268036901208, 'colsample_bytree': 0.6677658633298894, 'max_depth': 4, 'learning_rate': 0.10275467028286496, 'n_estimators': 88}. Best is trial 49 with value: 0.8479551493490314.
  Unique groups in CV: 375
  Unique groups in CV: 375
  Unique groups in CV: 375
  Unique groups in CV: 375
[I 2024-10-15 10:05:06,309] Trial 66 finished with value: 0.8482335284479869 and parameters: {'lambda': 0.0065221723997007245, 'alpha': 0.0016730080628326175, 'subsample': 0.8115319926579796, 'colsample_bytree': 0.6685356706947911, 'max_depth': 4, 'learning_rate': 0.08338249629199021, 'n_estimators': 86}. Best is trial 49 with value: 0.8479551493490314.
  Unique groups in CV: 375
  Unique groups in CV: 375
  Unique groups in CV: 375
  Unique groups in CV: 375
[I 2024-10-15 10:05:10,884] Trial 67 finished with value: 0.8671347403801793 and parameters: {'lambda': 0.006608689539385637, 'alpha': 0.0015581025136065085, 'subsample': 0.8231374097928692, 'colsample_bytree': 0.6260661137058371, 'max_depth': 4, 'learning_rate': 0.09785631183755376, 'n_estimators': 87}. Best is trial 49 with value: 0.8479551493490314.
  Unique groups in CV: 375
  Unique groups in CV: 375
  Unique groups in CV: 375
  Unique groups in CV: 375
[I 2024-10-15 10:05:17,252] Trial 68 finished with value: 0.8498236374789023 and parameters: {'lambda': 0.0030491434613655177, 'alpha': 0.001013237965945495, 'subsample': 0.8040872622975034, 'colsample_bytree': 0.6739432851458832, 'max_depth': 4, 'learning_rate': 0.0505194196474729, 'n_estimators': 90}. Best is trial 49 with value: 0.8479551493490314.
  Unique groups in CV: 375
  Unique groups in CV: 375
  Unique groups in CV: 375
  Unique groups in CV: 375
