[I 2024-10-10 16:23:51,266] Trial 21 finished with value: 0.8496840389648921 and parameters: {'lambda': 0.6046398426181349, 'alpha': 0.11280833617684471, 'subsample': 0.5210281048006101, 'colsample_bytree': 0.9494460112101999, 'max_depth': 5, 'learning_rate': 0.18771855248313465, 'n_estimators': 41}. Best is trial 12 with value: 0.8491811395565001.
  Unique groups in CV: 375
  Unique groups in CV: 375
  Unique groups in CV: 375
  Unique groups in CV: 375
[I 2024-10-10 16:23:57,625] Trial 22 finished with value: 0.8500566963628342 and parameters: {'lambda': 0.09047521907089445, 'alpha': 0.23271088572213156, 'subsample': 0.6053995734497873, 'colsample_bytree': 0.9512076712500895, 'max_depth': 5, 'learning_rate': 0.20108322863864625, 'n_estimators': 62}. Best is trial 12 with value: 0.8491811395565001.
  Unique groups in CV: 375
  Unique groups in CV: 375
  Unique groups in CV: 375
  Unique groups in CV: 375
[I 2024-10-10 16:24:00,968] Trial 23 finished with value: 0.8501191553176302 and parameters: {'lambda': 0.13174557512161522, 'alpha': 0.020532724127476136, 'subsample': 0.6651786316690144, 'colsample_bytree': 0.8544687594569889, 'max_depth': 3, 'learning_rate': 0.2460900845317348, 'n_estimators': 50}. Best is trial 12 with value: 0.8491811395565001.
  Unique groups in CV: 375
  Unique groups in CV: 375
  Unique groups in CV: 375
  Unique groups in CV: 375
[I 2024-10-10 16:24:03,599] Trial 24 finished with value: 0.8502853319087567 and parameters: {'lambda': 3.674012332837082, 'alpha': 0.1430858506855771, 'subsample': 0.5513792001872575, 'colsample_bytree': 0.9267523302539034, 'max_depth': 4, 'learning_rate': 0.153594521649575, 'n_estimators': 32}. Best is trial 12 with value: 0.8491811395565001.
  Unique groups in CV: 375
  Unique groups in CV: 375
  Unique groups in CV: 375
  Unique groups in CV: 375
[I 2024-10-10 16:24:05,854] Trial 25 finished with value: 0.8524789075219257 and parameters: {'lambda': 0.6356120098962121, 'alpha': 0.06327279330849434, 'subsample': 0.99847609506143, 'colsample_bytree': 0.763878816769684, 'max_depth': 7, 'learning_rate': 0.2681804876579178, 'n_estimators': 14}. Best is trial 12 with value: 0.8491811395565001.
  Unique groups in CV: 375
  Unique groups in CV: 375
  Unique groups in CV: 375
  Unique groups in CV: 375
[I 2024-10-10 16:24:10,776] Trial 26 finished with value: 0.8512843084208334 and parameters: {'lambda': 0.5576315689956413, 'alpha': 0.021880258803160406, 'subsample': 0.6159967122255644, 'colsample_bytree': 0.9615167864294373, 'max_depth': 6, 'learning_rate': 0.23183706654114436, 'n_estimators': 43}. Best is trial 12 with value: 0.8491811395565001.
  Unique groups in CV: 375
  Unique groups in CV: 375
  Unique groups in CV: 375
  Unique groups in CV: 375
[I 2024-10-10 16:24:13,902] Trial 27 finished with value: 0.8517901674030742 and parameters: {'lambda': 0.09018726089737893, 'alpha': 0.008507907678843588, 'subsample': 0.6939525460060234, 'colsample_bytree': 0.8365043787678291, 'max_depth': 6, 'learning_rate': 0.2076771254089364, 'n_estimators': 26}. Best is trial 12 with value: 0.8491811395565001.
  Unique groups in CV: 375
  Unique groups in CV: 375
  Unique groups in CV: 375
  Unique groups in CV: 375
[I 2024-10-10 16:24:16,545] Trial 28 finished with value: 0.8510228093185255 and parameters: {'lambda': 0.005139061443863048, 'alpha': 2.2206679877907347, 'subsample': 0.5225219184398184, 'colsample_bytree': 0.7002641358076438, 'max_depth': 3, 'learning_rate': 0.17129250006803576, 'n_estimators': 37}. Best is trial 12 with value: 0.8491811395565001.
  Unique groups in CV: 375
  Unique groups in CV: 375
  Unique groups in CV: 375
  Unique groups in CV: 375
[I 2024-10-10 16:24:20,103] Trial 29 finished with value: 0.8678931101378842 and parameters: {'lambda': 0.04674423283145511, 'alpha': 0.363196431384743, 'subsample': 0.4535469526387498, 'colsample_bytree': 0.600169743530681, 'max_depth': 4, 'learning_rate': 0.1352346681792682, 'n_estimators': 56}. Best is trial 12 with value: 0.8491811395565001.
  Unique groups in CV: 375
  Unique groups in CV: 375
  Unique groups in CV: 375
  Unique groups in CV: 375
[I 2024-10-10 16:24:22,035] Trial 30 finished with value: 0.851512749507415 and parameters: {'lambda': 4.46483204904922, 'alpha': 1.0132501913141627, 'subsample': 0.42873853902185133, 'colsample_bytree': 0.8921451909178041, 'max_depth': 5, 'learning_rate': 0.19772851507244354, 'n_estimators': 19}. Best is trial 12 with value: 0.8491811395565001.
  Unique groups in CV: 375
  Unique groups in CV: 375
  Unique groups in CV: 375
  Unique groups in CV: 375
[I 2024-10-10 16:24:25,047] Trial 31 finished with value: 0.8496132610392603 and parameters: {'lambda': 0.2285594834969783, 'alpha': 0.04961755724843411, 'subsample': 0.6803675569613299, 'colsample_bytree': 0.7854663869245113, 'max_depth': 4, 'learning_rate': 0.17512291175074088, 'n_estimators': 37}. Best is trial 12 with value: 0.8491811395565001.
  Unique groups in CV: 375
  Unique groups in CV: 375
  Unique groups in CV: 375
  Unique groups in CV: 375
[I 2024-10-10 16:24:27,680] Trial 32 finished with value: 0.8500768166197077 and parameters: {'lambda': 0.18844165215391606, 'alpha': 0.029270804297124222, 'subsample': 0.6915715270083619, 'colsample_bytree': 0.8043907189402834, 'max_depth': 3, 'learning_rate': 0.23671175821771126, 'n_estimators': 38}. Best is trial 12 with value: 0.8491811395565001.
  Unique groups in CV: 375
  Unique groups in CV: 375
  Unique groups in CV: 375
  Unique groups in CV: 375
[I 2024-10-10 16:24:32,339] Trial 33 finished with value: 0.8492431706074495 and parameters: {'lambda': 0.04791629400313251, 'alpha': 0.07000761147245214, 'subsample': 0.6203543038610753, 'colsample_bytree': 0.7226902858256976, 'max_depth': 5, 'learning_rate': 0.10757090503796006, 'n_estimators': 48}. Best is trial 12 with value: 0.8491811395565001.
  Unique groups in CV: 375
  Unique groups in CV: 375
  Unique groups in CV: 375
  Unique groups in CV: 375
[I 2024-10-10 16:24:37,014] Trial 34 finished with value: 0.8489552747540444 and parameters: {'lambda': 0.009906029752278573, 'alpha': 0.07467094407104397, 'subsample': 0.6295444239680215, 'colsample_bytree': 0.6884341866465704, 'max_depth': 5, 'learning_rate': 0.1124648018883324, 'n_estimators': 48}. Best is trial 34 with value: 0.8489552747540444.
  Unique groups in CV: 375
                                                                                      Best trial: 34. Best value: 0.848955:  35%|███▌      | 35/100 [02:38<04:05,  3.78s/it]Best trial: 34. Best value: 0.848955:  35%|███▌      | 35/100 [02:38<04:05,  3.78s/it]Best trial: 34. Best value: 0.848955:  36%|███▌      | 36/100 [02:38<04:53,  4.58s/it]                                                                                      Best trial: 34. Best value: 0.848955:  36%|███▌      | 36/100 [02:43<04:53,  4.58s/it]Best trial: 34. Best value: 0.848955:  36%|███▌      | 36/100 [02:43<04:53,  4.58s/it]Best trial: 34. Best value: 0.848955:  37%|███▋      | 37/100 [02:43<04:59,  4.75s/it]                                                                                      Best trial: 34. Best value: 0.848955:  37%|███▋      | 37/100 [02:49<04:59,  4.75s/it]Best trial: 34. Best value: 0.848955:  37%|███▋      | 37/100 [02:49<04:59,  4.75s/it]Best trial: 34. Best value: 0.848955:  38%|███▊      | 38/100 [02:49<05:18,  5.14s/it]                                                                                      Best trial: 34. Best value: 0.848955:  38%|███▊      | 38/100 [02:52<05:18,  5.14s/it]Best trial: 34. Best value: 0.848955:  38%|███▊      | 38/100 [02:52<05:18,  5.14s/it]Best trial: 34. Best value: 0.848955:  39%|███▉      | 39/100 [02:52<04:36,  4.53s/it]                                                                                      Best trial: 34. Best value: 0.848955:  39%|███▉      | 39/100 [02:59<04:36,  4.53s/it]Best trial: 34. Best value: 0.848955:  39%|███▉      | 39/100 [02:59<04:36,  4.53s/it]Best trial: 34. Best value: 0.848955:  40%|████      | 40/100 [02:59<05:17,  5.29s/it]                                                                                      Best trial: 34. Best value: 0.848955:  40%|████      | 40/100 [03:15<05:17,  5.29s/it]Best trial: 34. Best value: 0.848955:  40%|████      | 40/100 [03:15<05:17,  5.29s/it]Best trial: 34. Best value: 0.848955:  41%|████      | 41/100 [03:15<08:19,  8.47s/it]                                                                                      Best trial: 34. Best value: 0.848955:  41%|████      | 41/100 [03:18<08:19,  8.47s/it]Best trial: 34. Best value: 0.848955:  41%|████      | 41/100 [03:18<08:19,  8.47s/it]Best trial: 34. Best value: 0.848955:  42%|████▏     | 42/100 [03:18<06:39,  6.89s/it]                                                                                      Best trial: 34. Best value: 0.848955:  42%|████▏     | 42/100 [03:22<06:39,  6.89s/it]Best trial: 34. Best value: 0.848955:  42%|████▏     | 42/100 [03:22<06:39,  6.89s/it]Best trial: 34. Best value: 0.848955:  43%|████▎     | 43/100 [03:22<05:32,  5.82s/it]                                                                                      Best trial: 34. Best value: 0.848955:  43%|████▎     | 43/100 [03:26<05:32,  5.82s/it]Best trial: 34. Best value: 0.848955:  43%|████▎     | 43/100 [03:26<05:32,  5.82s/it]Best trial: 34. Best value: 0.848955:  44%|████▍     | 44/100 [03:26<05:01,  5.38s/it]                                                                                      Best trial: 34. Best value: 0.848955:  44%|████▍     | 44/100 [03:31<05:01,  5.38s/it]Best trial: 34. Best value: 0.848955:  44%|████▍     | 44/100 [03:31<05:01,  5.38s/it]Best trial: 34. Best value: 0.848955:  45%|████▌     | 45/100 [03:31<04:49,  5.26s/it]                                                                                      Best trial: 34. Best value: 0.848955:  45%|████▌     | 45/100 [03:35<04:49,  5.26s/it]Best trial: 34. Best value: 0.848955:  45%|████▌     | 45/100 [03:35<04:49,  5.26s/it]Best trial: 34. Best value: 0.848955:  46%|████▌     | 46/100 [03:35<04:24,  4.90s/it]                                                                                      Best trial: 34. Best value: 0.848955:  46%|████▌     | 46/100 [03:40<04:24,  4.90s/it]Best trial: 46. Best value: 0.848947:  46%|████▌     | 46/100 [03:40<04:24,  4.90s/it]Best trial: 46. Best value: 0.848947:  47%|████▋     | 47/100 [03:40<04:14,  4.79s/it]                                                                                      Best trial: 46. Best value: 0.848947:  47%|████▋     | 47/100 [03:46<04:14,  4.79s/it]Best trial: 47. Best value: 0.848339:  47%|████▋     | 47/100 [03:46<04:14,  4.79s/it]Best trial: 47. Best value: 0.848339:  48%|████▊     | 48/100 [03:46<04:30,  5.20s/it]                                                                                      Best trial: 47. Best value: 0.848339:  48%|████▊     | 48/100 [03:50<04:30,  5.20s/it]Best trial: 47. Best value: 0.848339:  48%|████▊     | 48/100 [03:50<04:30,  5.20s/it]Best trial: 47. Best value: 0.848339:  49%|████▉     | 49/100 [03:50<04:14,  4.98s/it]                                                                                      Best trial: 47. Best value: 0.848339:  49%|████▉     | 49/100 [03:56<04:14,  4.98s/it]Best trial: 49. Best value: 0.847955:  49%|████▉     | 49/100 [03:56<04:14,  4.98s/it]Best trial: 49. Best value: 0.847955:  50%|█████     | 50/100 [03:56<04:27,  5.35s/it]                                                                                      Best trial: 49. Best value: 0.847955:  50%|█████     | 50/100 [04:04<04:27,  5.35s/it]Best trial: 49. Best value: 0.847955:  50%|█████     | 50/100 [04:04<04:27,  5.35s/it]Best trial: 49. Best value: 0.847955:  51%|█████     | 51/100 [04:04<04:58,  6.08s/it]                                                                                      Best trial: 49. Best value: 0.847955:  51%|█████     | 51/100 [04:12<04:58,  6.08s/it]Best trial: 49. Best value: 0.847955:  51%|█████     | 51/100 [04:12<04:58,  6.08s/it]Best trial: 49. Best value: 0.847955:  52%|█████▏    | 52/100 [04:12<05:23,  6.74s/it]                                                                                        Unique groups in CV: 375
  Unique groups in CV: 375
  Unique groups in CV: 375
[I 2024-10-10 16:24:43,448] Trial 35 finished with value: 0.8497887177371852 and parameters: {'lambda': 0.011587528868376992, 'alpha': 0.07772275644531632, 'subsample': 0.7453797278341954, 'colsample_bytree': 0.6863133801439877, 'max_depth': 5, 'learning_rate': 0.06735769315934072, 'n_estimators': 64}. Best is trial 34 with value: 0.8489552747540444.
  Unique groups in CV: 375
  Unique groups in CV: 375
  Unique groups in CV: 375
  Unique groups in CV: 375
[I 2024-10-10 16:24:48,598] Trial 36 finished with value: 0.8727976287190892 and parameters: {'lambda': 0.03674516426487657, 'alpha': 0.011454282879688776, 'subsample': 0.6239739144553708, 'colsample_bytree': 0.6084993059753172, 'max_depth': 8, 'learning_rate': 0.10206464322527684, 'n_estimators': 49}. Best is trial 34 with value: 0.8489552747540444.
  Unique groups in CV: 375
  Unique groups in CV: 375
  Unique groups in CV: 375
  Unique groups in CV: 375
[I 2024-10-10 16:24:54,662] Trial 37 finished with value: 0.8500513616275361 and parameters: {'lambda': 0.007320397332916173, 'alpha': 0.035007119463644, 'subsample': 0.6289999681560012, 'colsample_bytree': 0.7204327682968219, 'max_depth': 6, 'learning_rate': 0.08167398849184827, 'n_estimators': 53}. Best is trial 34 with value: 0.8489552747540444.
  Unique groups in CV: 375
  Unique groups in CV: 375
  Unique groups in CV: 375
  Unique groups in CV: 375
[I 2024-10-10 16:24:57,761] Trial 38 finished with value: 1.0642116848428342 and parameters: {'lambda': 0.0024244480777212384, 'alpha': 0.5853483667639133, 'subsample': 0.5163465247776202, 'colsample_bytree': 0.5528789183863085, 'max_depth': 3, 'learning_rate': 0.0038899838837162665, 'n_estimators': 47}. Best is trial 34 with value: 0.8489552747540444.
  Unique groups in CV: 375
  Unique groups in CV: 375
  Unique groups in CV: 375
  Unique groups in CV: 375
[I 2024-10-10 16:25:04,821] Trial 39 finished with value: 0.8728929296483227 and parameters: {'lambda': 0.03247013071619124, 'alpha': 0.1574009405662895, 'subsample': 0.7214897715880285, 'colsample_bytree': 0.6482377964648967, 'max_depth': 4, 'learning_rate': 0.049607359166956355, 'n_estimators': 84}. Best is trial 34 with value: 0.8489552747540444.
  Unique groups in CV: 375
  Unique groups in CV: 375
  Unique groups in CV: 375
  Unique groups in CV: 375
[I 2024-10-10 16:25:20,700] Trial 40 finished with value: 0.8587301556771143 and parameters: {'lambda': 0.06010671162882705, 'alpha': 0.3768415000967937, 'subsample': 0.5422459015039737, 'colsample_bytree': 0.7256579844752387, 'max_depth': 9, 'learning_rate': 0.1409171055712707, 'n_estimators': 68}. Best is trial 34 with value: 0.8489552747540444.
  Unique groups in CV: 375
  Unique groups in CV: 375
  Unique groups in CV: 375
  Unique groups in CV: 375
[I 2024-10-10 16:25:23,918] Trial 41 finished with value: 0.8707080316174521 and parameters: {'lambda': 0.0014628440653652469, 'alpha': 0.18005993628843162, 'subsample': 0.5950428852354169, 'colsample_bytree': 0.6491358413858164, 'max_depth': 5, 'learning_rate': 0.11083192877277173, 'n_estimators': 44}. Best is trial 34 with value: 0.8489552747540444.
  Unique groups in CV: 375
  Unique groups in CV: 375
  Unique groups in CV: 375
  Unique groups in CV: 375
[I 2024-10-10 16:25:27,254] Trial 42 finished with value: 0.8500799682009974 and parameters: {'lambda': 0.021852046647898252, 'alpha': 0.0800787277668316, 'subsample': 0.6377418023716562, 'colsample_bytree': 0.759062050940517, 'max_depth': 5, 'learning_rate': 0.1598844167947702, 'n_estimators': 34}. Best is trial 34 with value: 0.8489552747540444.
  Unique groups in CV: 375
  Unique groups in CV: 375
  Unique groups in CV: 375
  Unique groups in CV: 375
[I 2024-10-10 16:25:31,612] Trial 43 finished with value: 0.858198888659732 and parameters: {'lambda': 0.0020969266235658646, 'alpha': 0.03132194271294237, 'subsample': 0.4925849192719972, 'colsample_bytree': 0.823727645821084, 'max_depth': 7, 'learning_rate': 0.09332007118090023, 'n_estimators': 26}. Best is trial 34 with value: 0.8489552747540444.
  Unique groups in CV: 375
  Unique groups in CV: 375
  Unique groups in CV: 375
  Unique groups in CV: 375
[I 2024-10-10 16:25:36,574] Trial 44 finished with value: 0.8697022363790539 and parameters: {'lambda': 0.009134544962697428, 'alpha': 0.3239163966039878, 'subsample': 0.580355937040805, 'colsample_bytree': 0.43342287499958937, 'max_depth': 6, 'learning_rate': 0.21505670884055678, 'n_estimators': 57}. Best is trial 34 with value: 0.8489552747540444.
  Unique groups in CV: 375
  Unique groups in CV: 375
  Unique groups in CV: 375
  Unique groups in CV: 375
[I 2024-10-10 16:25:40,644] Trial 45 finished with value: 0.869360129414832 and parameters: {'lambda': 0.0045820327389934044, 'alpha': 0.11277313986701117, 'subsample': 0.5547868961460275, 'colsample_bytree': 0.6266423644982237, 'max_depth': 5, 'learning_rate': 0.12558731778342877, 'n_estimators': 46}. Best is trial 34 with value: 0.8489552747540444.
  Unique groups in CV: 375
  Unique groups in CV: 375
  Unique groups in CV: 375
  Unique groups in CV: 375
[I 2024-10-10 16:25:45,187] Trial 46 finished with value: 0.8489474768515212 and parameters: {'lambda': 0.14032519183572814, 'alpha': 0.0044745309481205135, 'subsample': 0.6740817358453021, 'colsample_bytree': 0.7061825275638003, 'max_depth': 4, 'learning_rate': 0.1658393205078727, 'n_estimators': 51}. Best is trial 46 with value: 0.8489474768515212.
  Unique groups in CV: 375
  Unique groups in CV: 375
  Unique groups in CV: 375
  Unique groups in CV: 375
[I 2024-10-10 16:25:51,328] Trial 47 finished with value: 0.8483392134070182 and parameters: {'lambda': 0.12747858416470836, 'alpha': 0.0028669636870499097, 'subsample': 0.7722093371305793, 'colsample_bytree': 0.6959040770482339, 'max_depth': 4, 'learning_rate': 0.1308394301725256, 'n_estimators': 75}. Best is trial 47 with value: 0.8483392134070182.
  Unique groups in CV: 375
  Unique groups in CV: 375
  Unique groups in CV: 375
  Unique groups in CV: 375
[I 2024-10-10 16:25:55,803] Trial 48 finished with value: 0.8582011982118267 and parameters: {'lambda': 0.06662158355514353, 'alpha': 0.0022202001911895614, 'subsample': 0.8506487781565548, 'colsample_bytree': 0.6887211666337254, 'max_depth': 2, 'learning_rate': 0.07885212373748385, 'n_estimators': 95}. Best is trial 47 with value: 0.8483392134070182.
  Unique groups in CV: 375
  Unique groups in CV: 375
  Unique groups in CV: 375
  Unique groups in CV: 375
[I 2024-10-10 16:26:02,002] Trial 49 finished with value: 0.8479551493490314 and parameters: {'lambda': 0.13544951561665153, 'alpha': 0.0010181835507502832, 'subsample': 0.7885676744065945, 'colsample_bytree': 0.7090337807050557, 'max_depth': 4, 'learning_rate': 0.12136026483574651, 'n_estimators': 75}. Best is trial 49 with value: 0.8479551493490314.
  Unique groups in CV: 375
  Unique groups in CV: 375
  Unique groups in CV: 375
  Unique groups in CV: 375
[I 2024-10-10 16:26:09,807] Trial 50 finished with value: 0.86725565780013 and parameters: {'lambda': 0.15176063235989778, 'alpha': 0.0011703098961199955, 'subsample': 0.7823819133354052, 'colsample_bytree': 0.5522997420393828, 'max_depth': 4, 'learning_rate': 0.1262604010265026, 'n_estimators': 77}. Best is trial 49 with value: 0.8479551493490314.
  Unique groups in CV: 375
  Unique groups in CV: 375
  Unique groups in CV: 375
  Unique groups in CV: 375
